INFO-FLOW: Workspace E:/SEU/Graduation_Prj/BoostingTree/solution1 opened at Fri Mar 07 11:06:08 +0800 2025
Execute     config_clock -quiet -name default -period 10 -default=false 
INFO: [SYN 201-201] Setting up clock 'default' with a period of 10ns.
Execute     open_platform DefaultPlatform 
Execute     import_lib F:/Xilinx/Vivado/2019.1/common/technology/xilinx/zynq/zynq 
Execute       source F:/Xilinx/Vivado/2019.1/common/technology/xilinx/common/xilinx.lib 
Execute         source F:/Xilinx/Vivado/2019.1/common/technology/xilinx/interface/xilinx_interface.lib 
Execute           source F:/Xilinx/Vivado/2019.1/common/technology/xilinx/interface/plb46.lib 
Execute           source F:/Xilinx/Vivado/2019.1/common/technology/xilinx/interface/fsl.lib 
Execute           source F:/Xilinx/Vivado/2019.1/common/technology/xilinx/interface/axi4.lib 
Execute           source F:/Xilinx/Vivado/2019.1/common/technology/xilinx/interface/maxi.lib 
Execute           source F:/Xilinx/Vivado/2019.1/common/technology/xilinx/interface/saxilite.lib 
Execute         source F:/Xilinx/Vivado/2019.1/common/technology/xilinx/common/dsp48.lib 
Execute         source F:/Xilinx/Vivado/2019.1/common/technology/xilinx/ip/dds_compiler.lib 
Execute         source F:/Xilinx/Vivado/2019.1/common/technology/xilinx/ip/xfft.lib 
Execute         source F:/Xilinx/Vivado/2019.1/common/technology/xilinx/ip/xfir.lib 
Execute       source F:/Xilinx/Vivado/2019.1/common/technology/xilinx/common/xilinx.hlp 
Execute         source F:/Xilinx/Vivado/2019.1/common/technology/xilinx/common/target_info.tcl 
Execute         source F:/Xilinx/Vivado/2019.1/common/technology/xilinx/interface/xilinx_interface.hlp 
Execute           source F:/Xilinx/Vivado/2019.1/common/technology/xilinx/interface/maxi.hlp 
Execute           source F:/Xilinx/Vivado/2019.1/common/technology/xilinx/interface/saxilite.hlp 
Execute         source F:/Xilinx/Vivado/2019.1/common/technology/xilinx/common/dsp48.hlp 
Execute       source F:/Xilinx/Vivado/2019.1/common/technology/xilinx/zynq/dsp48e1.hlp 
Execute       source F:/Xilinx/Vivado/2019.1/common/technology/xilinx/common/xilinx.hlp 
Execute         source F:/Xilinx/Vivado/2019.1/common/technology/xilinx/common/target_info.tcl 
Execute         source F:/Xilinx/Vivado/2019.1/common/technology/xilinx/interface/xilinx_interface.hlp 
Execute           source F:/Xilinx/Vivado/2019.1/common/technology/xilinx/interface/maxi.hlp 
Execute           source F:/Xilinx/Vivado/2019.1/common/technology/xilinx/interface/saxilite.hlp 
Execute         source F:/Xilinx/Vivado/2019.1/common/technology/xilinx/common/dsp48.hlp 
Execute     source F:/Xilinx/Vivado/2019.1/common/technology/xilinx/zynq/zynq.gen 
Execute       source F:/Xilinx/Vivado/2019.1/common/technology/xilinx/common/xilinx.gen 
Execute         source F:/Xilinx/Vivado/2019.1/common/technology/xilinx/interface/plb46.gen 
Execute         source F:/Xilinx/Vivado/2019.1/common/technology/xilinx/interface/fsl.gen 
Execute         source F:/Xilinx/Vivado/2019.1/common/technology/xilinx/interface/axi4.gen 
Execute         source F:/Xilinx/Vivado/2019.1/common/technology/xilinx/interface/nativeAXI4.gen 
Execute           source F:/Xilinx/Vivado/2019.1/common/technology/xilinx/interface/saxilite.gen 
Execute           source F:/Xilinx/Vivado/2019.1/common/technology/xilinx/interface/maxi.gen 
Execute         source F:/Xilinx/Vivado/2019.1/common/technology/xilinx/scripts/xilinxcoregen.gen 
Execute         source F:/Xilinx/Vivado/2019.1/common/technology/xilinx/interface/XilEDKCoreGen.gen 
Execute         source F:/Xilinx/Vivado/2019.1/common/technology/xilinx/ip/dds_compiler.gen 
Execute         source F:/Xilinx/Vivado/2019.1/common/technology/xilinx/ip/util.gen 
Execute         source F:/Xilinx/Vivado/2019.1/common/technology/xilinx/ip/xfft.gen 
Execute         source F:/Xilinx/Vivado/2019.1/common/technology/xilinx/ip/xfir.gen 
Execute         source F:/Xilinx/Vivado/2019.1/common/technology/xilinx/common/dsp48.gen 
Command       ap_source done; 0.118 sec.
Command     ap_source done; 0.118 sec.
Execute     open_platform DefaultPlatform 
Execute     import_lib F:/Xilinx/Vivado/2019.1/common/technology/xilinx/zynq/zynq_fpv6 
Execute       source F:/Xilinx/Vivado/2019.1/common/technology/xilinx/common/xilinx_fp.lib 
Execute       source F:/Xilinx/Vivado/2019.1/common/technology/xilinx/common/xilinx_fp.hlp 
Execute         source F:/Xilinx/Vivado/2019.1/common/technology/xilinx/common/xilinx.hlp 
Execute           source F:/Xilinx/Vivado/2019.1/common/technology/xilinx/common/target_info.tcl 
Execute           source F:/Xilinx/Vivado/2019.1/common/technology/xilinx/interface/xilinx_interface.hlp 
Execute             source F:/Xilinx/Vivado/2019.1/common/technology/xilinx/interface/maxi.hlp 
Execute             source F:/Xilinx/Vivado/2019.1/common/technology/xilinx/interface/saxilite.hlp 
Execute           source F:/Xilinx/Vivado/2019.1/common/technology/xilinx/common/dsp48.hlp 
Execute     source F:/Xilinx/Vivado/2019.1/common/technology/xilinx/zynq/zynq_fpv6.gen 
Execute       source F:/Xilinx/Vivado/2019.1/common/technology/xilinx/common/xilinx_fp.gen 
Execute     set_part xc7z020-clg400-2 
Execute       ap_part_info -name xc7z020-clg400-2 -data single -quiet 
Command       ap_part_info done; 0.605 sec.
Execute       ap_part_info -name xc7z020-clg400-2 -data info 
Execute       add_library xilinx/zynq/zynq:xc7z020:-clg400:-2 
Execute         get_default_platform 
Execute         license_isbetapart xc7z020 
Command         license_isbetapart done; error code: 1; 
Execute         ap_part_info -data single -name xc7z020-clg400-2 
Execute         ap_part_info -name xc7z020-clg400-2 -data resources 
Execute         ap_part_info -name xc7z020-clg400-2 -data info 
Execute         ap_part_info -name xc7z020-clg400-2 -data info 
Execute         config_chip_info -quiet -resource {SLICE 13300} {LUT 53200} {FF 106400} {DSP48E 220} {BRAM 280} {URAM 0} 
Execute         ap_part_info -name xc7z020-clg400-2 -data info 
Execute         config_chip_info -quiet -speed medium 
Execute       add_library xilinx/zynq/zynq_fpv6 
Execute         get_default_platform 
INFO: [HLS 200-10] Setting target device to 'xc7z020-clg400-2'
Execute       ap_part_info -name xc7z020-clg400-2 -data info 
Execute       get_default_platform 
Command     set_part done; 0.697 sec.
Execute     ap_part_info -data single -name xc7z020-clg400-2 
Execute     ap_part_info -name xc7z020-clg400-2 -data resources 
Execute     ap_part_info -name xc7z020-clg400-2 -data info 
Execute     ap_part_info -name xc7z020-clg400-2 -data info 
Execute     config_chip_info -quiet -resource {SLICE 13300} {LUT 53200} {FF 106400} {DSP48E 220} {BRAM 280} {URAM 0} 
Execute     ap_part_info -name xc7z020-clg400-2 -data info 
Execute     config_chip_info -quiet -speed medium 
Command   open_solution done; 0.869 sec.
Execute   set_part xc7z020-clg400-2 -tool vivado 
Execute     ap_part_info -name xc7z020-clg400-2 -data single -quiet 
Execute     ap_part_info -name xc7z020-clg400-2 -data info 
Execute     add_library xilinx/zynq/zynq:xc7z020:-clg400:-2 
Execute       get_default_platform 
Execute       license_isbetapart xc7z020 
Command       license_isbetapart done; error code: 1; 
Execute       ap_part_info -data single -name xc7z020-clg400-2 
Execute       ap_part_info -name xc7z020-clg400-2 -data resources 
Execute       ap_part_info -name xc7z020-clg400-2 -data info 
Execute       ap_part_info -name xc7z020-clg400-2 -data info 
Execute       config_chip_info -quiet -resource {SLICE 13300} {LUT 53200} {FF 106400} {DSP48E 220} {BRAM 280} {URAM 0} 
Execute       ap_part_info -name xc7z020-clg400-2 -data info 
Execute       config_chip_info -quiet -speed medium 
Execute     add_library xilinx/zynq/zynq_fpv6 
Execute       get_default_platform 
Execute     ap_part_info -name xc7z020-clg400-2 -data info 
Execute     get_default_platform 
Command   set_part done; 0.105 sec.
Execute   create_clock -period 10 -name default 
Execute   csynth_design 
Execute     get_config_compile -dump_cfg 
Execute     get_config_compile -effort 
Execute     get_config_compile -enable_clang39 
Execute     get_config_compile -g 
Execute     get_config_compile -ng 
Execute     get_config_compile -opt_fp 
Execute     get_config_compile -skip_cdt 
Execute     get_config_compile -skip_syncheck 
Execute     get_config_compile -skip_transform 
Execute     get_config_compile -keep_printf 
Execute     elaborate -effort=medium -skip_syncheck=0 -keep_printf=0 -skip_cdt=0 -skip_transform=0 -ng=0 -g=0 -opt_fp=0 -from_csynth_design=1 
Execute       get_config_schedule -relax_ii_for_timing 
INFO: [SCHED 204-61] Option 'relax_ii_for_timing' is enabled, will increase II to preserve clock frequency constraints.
Execute       get_config_schedule -suppress_dependence_error_break 
INFO: [HLS 200-10] Analyzing design file 'BoostingTree/BoostingTree.cpp' ... 
INFO-FLOW: Compiling one TU...
Execute       is_m_axi_addr64 
INFO-FLOW: Handling BoostingTree/BoostingTree.cpp as C++
Execute       ap_part_info -name xc7z020-clg400-2 -data info 
Execute       is_encrypted BoostingTree/BoostingTree.cpp 
Execute       ap_part_info -name xc7z020-clg400-2 -data info 
INFO-FLOW: Running: GCC PP
INFO-FLOW: Source preprocessing
Execute       clang  -fno-limit-debug-info -gcc-toolchain "F:/Xilinx/Vivado/2019.1/msys" -hls  -fno-exceptions  -D__llvm__  -E "BoostingTree/BoostingTree.cpp"     -fno-math-errno -c -emit-llvm -O0  -mllvm -disable-llvm-optzns -fno-threadsafe-statics  -fno-use-cxa-atexit  -fno-threadsafe-statics -fno-use-cxa-atexit -D__CLANG_3_1__ -D__cdecl= -DAESL_SYN -D__SYNTHESIS__ -D__HLS_SYN__ -I "F:/Xilinx/Vivado/2019.1/common/technology/autopilot" -I "F:/Xilinx/Vivado/2019.1/common/technology/autopilot/ap_sysc" -include etc/autopilot_ssdm_op.h -D__DSP48E1__  -o "E:/SEU/Graduation_Prj/BoostingTree/solution1/.autopilot/db/BoostingTree.pp.0.cpp" 
INFO-FLOW: exec F:/Xilinx/Vivado/2019.1/win64/tools/clang/bin/clang -fno-limit-debug-info -gcc-toolchain F:/Xilinx/Vivado/2019.1/msys -hls -fno-exceptions -D__llvm__ -E BoostingTree/BoostingTree.cpp -fno-math-errno -c -emit-llvm -O0 -mllvm -disable-llvm-optzns -fno-threadsafe-statics -fno-use-cxa-atexit -fno-threadsafe-statics -fno-use-cxa-atexit -D__CLANG_3_1__ -D__cdecl= -DAESL_SYN -D__SYNTHESIS__ -D__HLS_SYN__ -I F:/Xilinx/Vivado/2019.1/common/technology/autopilot -I F:/Xilinx/Vivado/2019.1/common/technology/autopilot/ap_sysc -include etc/autopilot_ssdm_op.h -D__DSP48E1__ -o E:/SEU/Graduation_Prj/BoostingTree/solution1/.autopilot/db/BoostingTree.pp.0.cpp
Command       clang done; 1.273 sec.
Execute       tidy_31 xilinx-xfmat-array-geometry E:/SEU/Graduation_Prj/BoostingTree/solution1/.autopilot/db/BoostingTree.pp.0.cpp std=gnu++98 
INFO-FLOW: exec F:/Xilinx/Vivado/2019.1/win64/tools/clang-3.9-csynth/bin/tidy-3.1 -header-filter=.* -checks=-*,xilinx-xfmat-array-geometry -quiet -fix E:/SEU/Graduation_Prj/BoostingTree/solution1/.autopilot/db/BoostingTree.pp.0.cpp -- -std=gnu++98 -fhls -ferror-limit=0
Command       tidy_31 done; 5.829 sec.
INFO-FLOW: Syntax Checking before pre-processing...
Execute       clang -syntaxcheck -src E:/SEU/Graduation_Prj/BoostingTree/solution1/.autopilot/db/BoostingTree.pp.0.cpp  -fno-limit-debug-info -gcc-toolchain "F:/Xilinx/Vivado/2019.1/msys" -hls    -fno-math-errno -c -emit-llvm -O0  -mllvm -disable-llvm-optzns -fno-threadsafe-statics  -fno-use-cxa-atexit  -fno-threadsafe-statics -fno-use-cxa-atexit -D__CLANG_3_1__ -D__cdecl= -DAESL_SYN -D__SYNTHESIS__ -D__HLS_SYN__ -I "F:/Xilinx/Vivado/2019.1/common/technology/autopilot" -I "F:/Xilinx/Vivado/2019.1/common/technology/autopilot/ap_sysc" -include etc/autopilot_ssdm_op.h -D__DSP48E1__  "E:/SEU/Graduation_Prj/BoostingTree/solution1/.autopilot/db/BoostingTree.pp.0.cpp"  -o "E:/SEU/Graduation_Prj/BoostingTree/solution1/.autopilot/db/useless.bc"  
INFO-FLOW: exec F:/Xilinx/Vivado/2019.1/win64/tools/clang/bin/clang -fno-limit-debug-info -gcc-toolchain F:/Xilinx/Vivado/2019.1/msys -hls -fno-math-errno -c -emit-llvm -O0 -mllvm -disable-llvm-optzns -fno-threadsafe-statics -fno-use-cxa-atexit -fno-threadsafe-statics -fno-use-cxa-atexit -D__CLANG_3_1__ -D__cdecl= -DAESL_SYN -D__SYNTHESIS__ -D__HLS_SYN__ -I F:/Xilinx/Vivado/2019.1/common/technology/autopilot -I F:/Xilinx/Vivado/2019.1/common/technology/autopilot/ap_sysc -include etc/autopilot_ssdm_op.h -D__DSP48E1__ E:/SEU/Graduation_Prj/BoostingTree/solution1/.autopilot/db/BoostingTree.pp.0.cpp -o E:/SEU/Graduation_Prj/BoostingTree/solution1/.autopilot/db/useless.bc
Command       clang done; 5.183 sec.
INFO-FLOW: Done: GCC PP time: 12.3 seconds per iteration
Execute       source F:/Xilinx/Vivado/2019.1/tps/tcl/tcllib1.11.1/yaml/huddle.tcl 
Execute       source F:/Xilinx/Vivado/2019.1/tps/tcl/tcllib1.11.1/yaml/json2huddle.tcl 
Execute         source F:/Xilinx/Vivado/2019.1/tps/tcl/tcllib1.11.1/try/try.tcl 
Execute       list_core -type functional_unit 
Execute       tidy_31 xilinx-systemc-detector E:/SEU/Graduation_Prj/BoostingTree/solution1/.autopilot/db/BoostingTree.pp.0.cpp std=gnu++98 -directive=E:/SEU/Graduation_Prj/BoostingTree/solution1/.autopilot/db/.systemc_flag 
INFO-FLOW: exec F:/Xilinx/Vivado/2019.1/win64/tools/clang-3.9-csynth/bin/tidy-3.1 -header-filter=.* -checks=-*,xilinx-systemc-detector -import-directive=E:/SEU/Graduation_Prj/BoostingTree/solution1/.autopilot/db/.systemc_flag -quiet -fix-errors E:/SEU/Graduation_Prj/BoostingTree/solution1/.autopilot/db/BoostingTree.pp.0.cpp -- -std=gnu++98 -fhls -ferror-limit=0
Command       tidy_31 done; 5.701 sec.
INFO-FLOW: Running: tidy-3.1 CDT preprocess
Execute       tidy_31 xilinx-directive2pragma E:/SEU/Graduation_Prj/BoostingTree/solution1/.autopilot/db/BoostingTree.pp.0.cpp std=gnu++98 -directive=E:/SEU/Graduation_Prj/BoostingTree/solution1/.autopilot/db/all.directive.json 
INFO-FLOW: exec F:/Xilinx/Vivado/2019.1/win64/tools/clang-3.9-csynth/bin/tidy-3.1 -header-filter=.* -checks=-*,xilinx-directive2pragma -import-directive=E:/SEU/Graduation_Prj/BoostingTree/solution1/.autopilot/db/all.directive.json -quiet -fix-errors E:/SEU/Graduation_Prj/BoostingTree/solution1/.autopilot/db/BoostingTree.pp.0.cpp -- -std=gnu++98 -fhls -ferror-limit=0
Command       tidy_31 done; 5.663 sec.
Execute       get_config_dataflow -strict_mode 
Execute       ap_eval exec -ignorestderr F:/Xilinx/Vivado/2019.1/win64/tools/clang-3.9-csynth/bin/xilinx-dataflow-lawyer -export-fixes=E:/SEU/Graduation_Prj/BoostingTree/solution1/.autopilot/db/xilinx-dataflow-lawyer.BoostingTree.pp.0.cpp.diag.yml E:/SEU/Graduation_Prj/BoostingTree/solution1/.autopilot/db/BoostingTree.pp.0.cpp -- -std=gnu++98 -fhls -ferror-limit=0 -fstrict-dataflow > E:/SEU/Graduation_Prj/BoostingTree/solution1/.autopilot/db/xilinx-dataflow-lawyer.BoostingTree.pp.0.cpp.out.log 2> E:/SEU/Graduation_Prj/BoostingTree/solution1/.autopilot/db/xilinx-dataflow-lawyer.BoostingTree.pp.0.cpp.err.log 
Command       ap_eval done; 3.269 sec.
Execute       tidy_31 -errorcheck xilinx-constantarray-param,xilinx-resource-pragma-transformer,xilinx-xfmat-array-geometry E:/SEU/Graduation_Prj/BoostingTree/solution1/.autopilot/db/BoostingTree.pp.0.cpp std=gnu++98 
Execute         ap_eval exec -ignorestderr F:/Xilinx/Vivado/2019.1/win64/tools/clang-3.9-csynth/bin/tidy-3.1 -export-fixes=E:/SEU/Graduation_Prj/BoostingTree/solution1/.autopilot/db/tidy-3.1.BoostingTree.pp.0.cpp.diag.yml -header-filter=.* -checks=-*,xilinx-constantarray-param,xilinx-resource-pragma-transformer,xilinx-xfmat-array-geometry -quiet -fix-errors E:/SEU/Graduation_Prj/BoostingTree/solution1/.autopilot/db/BoostingTree.pp.0.cpp -- -std=gnu++98 -fhls -ferror-limit=0 > E:/SEU/Graduation_Prj/BoostingTree/solution1/.autopilot/db/tidy-3.1.BoostingTree.pp.0.cpp.out.log 2> E:/SEU/Graduation_Prj/BoostingTree/solution1/.autopilot/db/tidy-3.1.BoostingTree.pp.0.cpp.err.log 
Command         ap_eval done; 6.933 sec.
Execute         source F:/Xilinx/Vivado/2019.1/tps/tcl/tcllib1.11.1/yaml/yaml.tcl 
Execute           source F:/Xilinx/Vivado/2019.1/tps/tcl/tcllib1.11.1/cmdline/cmdline.tcl 
Execute         ap_eval exec -ignorestderr F:/Xilinx/Vivado/2019.1/win64/tools/clang-3.9-csynth/bin/xilinx-legacy-rewriter E:/SEU/Graduation_Prj/BoostingTree/solution1/.autopilot/db/BoostingTree.pp.0.cpp -- -std=gnu++98 -fhls -ferror-limit=0 > E:/SEU/Graduation_Prj/BoostingTree/solution1/.autopilot/db/xilinx-legacy-rewriter.BoostingTree.pp.0.cpp.out.log 2> E:/SEU/Graduation_Prj/BoostingTree/solution1/.autopilot/db/xilinx-legacy-rewriter.BoostingTree.pp.0.cpp.err.log 
Command         ap_eval done; 3.308 sec.
Command       tidy_31 done; 10.265 sec.
INFO-FLOW: Done: tidy-3.1 CDT preprocess time: 19.2 seconds per iteration
INFO-FLOW: Pragma Handling...
Execute       tidy_31 xilinx-ssdm-intrinsics-arguments E:/SEU/Graduation_Prj/BoostingTree/solution1/.autopilot/db/BoostingTree.pragma.1.cpp std=gnu++98 
INFO-FLOW: exec F:/Xilinx/Vivado/2019.1/win64/tools/clang-3.9-csynth/bin/tidy-3.1 -header-filter=.* -checks=-*,xilinx-ssdm-intrinsics-arguments -quiet -fix-errors E:/SEU/Graduation_Prj/BoostingTree/solution1/.autopilot/db/BoostingTree.pragma.1.cpp -- -std=gnu++98 -fhls -ferror-limit=0
Command       tidy_31 done; 6.954 sec.
Execute       ap_part_info -name xc7z020-clg400-2 -data info 
INFO-FLOW: Processing labels
Execute       clang -src E:/SEU/Graduation_Prj/BoostingTree/solution1/.autopilot/db/BoostingTree.pragma.2.cpp  -fno-limit-debug-info -gcc-toolchain F:/Xilinx/Vivado/2019.1/msys -hls -hls-analyze-label -hls-analyze-pragma -fno-exceptions  -D__llvm__  -w  "E:/SEU/Graduation_Prj/BoostingTree/solution1/.autopilot/db/BoostingTree.pragma.2.cpp"    -fno-math-errno -c -emit-llvm -O0  -mllvm -disable-llvm-optzns -fno-threadsafe-statics  -fno-use-cxa-atexit -DAESL_SYN -D__SYNTHESIS__ -D__HLS_SYN__ -I "F:/Xilinx/Vivado/2019.1/common/technology/autopilot" -I "F:/Xilinx/Vivado/2019.1/common/technology/autopilot/ap_sysc" -include etc/autopilot_ssdm_op.h -D__DSP48E1__ -g -o "E:/SEU/Graduation_Prj/BoostingTree/solution1/.autopilot/db/BoostingTree.bc" 
INFO-FLOW: exec F:/Xilinx/Vivado/2019.1/win64/tools/clang/bin/clang -fno-limit-debug-info -gcc-toolchain F:/Xilinx/Vivado/2019.1/msys -hls -hls-analyze-label -hls-analyze-pragma -fno-exceptions -D__llvm__ -w E:/SEU/Graduation_Prj/BoostingTree/solution1/.autopilot/db/BoostingTree.pragma.2.cpp -fno-math-errno -c -emit-llvm -O0 -mllvm -disable-llvm-optzns -fno-threadsafe-statics -fno-use-cxa-atexit -DAESL_SYN -D__SYNTHESIS__ -D__HLS_SYN__ -I F:/Xilinx/Vivado/2019.1/common/technology/autopilot -I F:/Xilinx/Vivado/2019.1/common/technology/autopilot/ap_sysc -include etc/autopilot_ssdm_op.h -D__DSP48E1__ -g -o E:/SEU/Graduation_Prj/BoostingTree/solution1/.autopilot/db/BoostingTree.bc
Command       clang done; 5.319 sec.
INFO-FLOW: Linking Debug ...
Execute       llvm-ld E:/SEU/Graduation_Prj/BoostingTree/solution1/.autopilot/db/BoostingTree.g.bc -hls-opt -except-internalize predict_ensemble -LF:/Xilinx/Vivado/2019.1/win64/lib -lhlsm -lhlsmc++ -o E:/SEU/Graduation_Prj/BoostingTree/solution1/.autopilot/db/a.g 
Command       llvm-ld done; 2.362 sec.
INFO: [HLS 200-111] Finished Linking Time (s): cpu = 00:00:01 ; elapsed = 00:00:54 . Memory (MB): peak = 184.426 ; gain = 94.012
INFO: [HLS 200-111] Finished Checking Pragmas Time (s): cpu = 00:00:01 ; elapsed = 00:00:54 . Memory (MB): peak = 184.426 ; gain = 94.012
Execute       get_config_sdx -target 
Execute       opt_and_import_c a -opt_level=2 -skip_syncheck=0 -ng=0 -keep_printf=0 
Execute         cleanup_all_models 
INFO: [HLS 200-10] Starting code transformations ...
Execute         transform -promote-dbg-pointer E:/SEU/Graduation_Prj/BoostingTree/solution1/.autopilot/db/a.pp.bc -o E:/SEU/Graduation_Prj/BoostingTree/solution1/.autopilot/db/a.pp.0.bc -f 
Command         transform done; 0.423 sec.
Execute         llvm-ld E:/SEU/Graduation_Prj/BoostingTree/solution1/.autopilot/db/a.pp.0.bc -disable-opt -LF:/Xilinx/Vivado/2019.1/win64/lib -lfloatconversion -o E:/SEU/Graduation_Prj/BoostingTree/solution1/.autopilot/db/a.g.0 
Command         llvm-ld done; 1.385 sec.
INFO-FLOW: Running Standard Transforms...
Execute         transform -hls -share-std-xform -demangle-name -inline-byval-memcpy -always-inline -promote-dbg-pointer -interface-preproc -mem2reg -scalarrepl -mem2reg -keep-read-access -instcombine -dce -promote-dbg-pointer -bitop-raise -loop-simplify -indvarspre -indvars -loop-simplify -xunroll -constprop -instcombine -simplifycfg -indvars -simplifycfg -dce -globaldce -basicaa -simplifycfg -mem2reg -globalopt -global-constprop -deadargelim -instcombine -simplifycfg -prune-eh -simplifycfg -scalarrepl -instcombine -reassociate -licm -simplifycfg -loop-simplify -indvars -instcombine -simplifycfg -mem2reg -loop-simplify -indvars -instcombine -gvn -gvn -instcombine -adce -break-crit-edges -simplifycfg -loop-delete -global-array-opt -dce -dse -adce -find-syn-modules -top predict_ensemble -deadargelim -mem2reg -instcombine -dce -presyn-prepare -auto-rom-infer -interface-preproc -syn-check -check-rec-only -find-region -simplifycfg -func-extr -function-inline -globaldce -mem2reg -instcombine -dce -gvn -globaldce -adce -adse -constprop -instcombine -bit-constprop -instcombine -dce -simplifycfg -bitop-raise -simplifycfg -dce -loop-delete -reassociate -globalopt -global-privatize -mem2reg -dce -global-constprop -pointer-simplify -constprop -dce -func-inst -deadargelim -auto-shift-reg-idiom -promote-dbg-pointer -norm-name E:/SEU/Graduation_Prj/BoostingTree/solution1/.autopilot/db/a.g.0.bc -o E:/SEU/Graduation_Prj/BoostingTree/solution1/.autopilot/db/a.g.1.bc -f -phase std-opt 
Command         transform done; 10.121 sec.
INFO: [HLS 200-111] Finished Standard Transforms Time (s): cpu = 00:00:11 ; elapsed = 00:01:06 . Memory (MB): peak = 449.078 ; gain = 358.664
INFO: [HLS 200-10] Checking synthesizability ...
INFO-FLOW: Checking Synthesizability 1/2..
Execute         transform -hls -syn-check -check-rec-only -disaggr -scalarrepl -norm-name -dce -mem2reg -instcombine -function-uniquify -directive-preproc -mem2reg -dse -dce -auto-rom-infer -dce -pag -array-normalize -instcombine -dce -warn-fifo-pointer -array-seg-normalize -instcombine -dce -array-flatten -instcombine -dce -array-burst -dce -deadargelim -promote-global-argument -simplifycfg -mem2reg -globaldce -dce -deadargelim -dce -instcombine -function-inline -globaldce -dce -doublePtrSimplify -doublePtrElim -dce -doublePtrSimplify -promote-dbg-pointer -dce -scalarrepl -dse -adse -instcombine -ptrLegalization -simplifycfg -dce -instcombine -pointer-simplify -ptrArgReplace -dce -instcombine -resolve-double-ptr -disaggr -scalarrepl -norm-name -dce -mem2reg -instcombine -ptrLegalization -simplifycfg -deadargelim -instcombine -dce -inst-simplify -function-uniquify -directive-preproc -mem2reg -dse -dce -globaldce -check-dspbuiltin E:/SEU/Graduation_Prj/BoostingTree/solution1/.autopilot/db/a.g.1.bc -o E:/SEU/Graduation_Prj/BoostingTree/solution1/.autopilot/db/a.g.2.prechk.bc -f 
Command         transform done; 0.291 sec.
INFO-FLOW: Checking Synthesizability 2/2..
Execute         transform -syn-check E:/SEU/Graduation_Prj/BoostingTree/solution1/.autopilot/db/a.g.2.prechk.bc -o E:/SEU/Graduation_Prj/BoostingTree/solution1/.autopilot/db/a.g.2.bc -f -phase syn-check 
Command         transform done; 0.133 sec.
INFO: [HLS 200-111] Finished Checking Synthesizability Time (s): cpu = 00:00:11 ; elapsed = 00:01:06 . Memory (MB): peak = 449.078 ; gain = 358.664
INFO-FLOW: Compiler optimizing ...
INFO-FLOW: Share syncheck's 1.bc for syn flow: copy E:/SEU/Graduation_Prj/BoostingTree/solution1/.autopilot/db/a.g.1.bc to E:/SEU/Graduation_Prj/BoostingTree/solution1/.autopilot/db/a.o.1.bc
INFO-FLOW: Presyn 1...
Execute         transform -hls -tmp E:/SEU/Graduation_Prj/BoostingTree/solution1/.autopilot/db -interface-port-rename -type-info -function-uniquify -directive-preproc -mem2reg -dse -dce -disaggr -scalarrepl -norm-name -deadargelim -mem2reg -instcombine -dce -simplifycfg -auto-rom-infer -dce -function-uniquify -resource-proc -clib-intrinsic-prepare -dce -func-buffer -dce -pag -array-normalize -func-legal -instcombine -gvn -constprop -dce -simplifycfg -mem2reg -globaldce -resolve-double-ptr -dce -deadargelim -dce -instcombine -ptrArgReplace -mem2reg -dce -array-seg-normalize -deadargelim -instcombine -dce -pointer-simplify -dce -port-alignment -dce -interface-preproc -data-pack -instcombine -dce -basicaa -aggr-aa -aggrmodref-aa -aggr-aa -gvn -gvn -basicaa -aggr-aa -aggrmodref-aa -aggr-aa -dse -adse -adce -loop-simplify -indvars -instcombine -gvn -loop-simplify -mem2reg -dce -find-region -instcombine -auto-loop-pipeline -inst-simplify -interface-preproc -cfgopt -instcombine -indvars -auto-loop-unroll -loop-simplify -loop-bound -xunroll -constprop -instcombine -simplifycfg -indvars -simplifycfg -dce -globaldce -clean-region -attach-range -gvn -inst-simplify -constprop -simplifycfg -dce -pointer-simplify -dce -globalopt -constprop -dce -array-promote -constprop -dce -ptrArgReplace -mem2reg -simplifycfg -dce -auto-par -instcombine -dce -array-transform-check -array-reshape -instcombine -simplifycfg -dce -ptrArgReplace -deadargelim -mem2reg -instcombine -simplifycfg -dce -indvars -loop-simplify -loop-bound -xunroll -constprop -instcombine -simplifycfg -indvars -simplifycfg -dce -globaldce -basicaa -aggr-aa -aggrmodref-aa -aggr-aa -dse -duplicate-dataflow-processes -globaldce -instcombine -array-partition -instcombine -simplifycfg -dce -ptrArgReplace -global-constprop -deadargelim -mem2reg -func-legal -dce -global-constprop -deadargelim -mem2reg -simplifycfg -dce -merge-param -deadargelim -globalopt -constprop -dce -array-promote -constprop -dce -ptrArgReplace -mem2reg -simplifycfg -dce -mem-intrinsic-preproc -dce -global-internalize -global-privatize -mem2reg -globaldce -promote-global-argument -ptrArgReplace -mem2reg -dce -globalopt -mergereturn -simplify-global-access -mem2reg -dce -pointer-simplify -dce -functionattrs -basicaa -aggr-aa -aggrmodref-aa -aggr-aa -gvn -gvn -basicaa -aggr-aa -aggrmodref-aa -aggr-aa -dse -adse -adce -dce -norm-name -function-inline -complex-op-raise -inst-simplify -globaldce -func-inst -constprop -instcombine -simplifycfg -dce -func-legal -dce -loop-bound -arraycheck -bitwidthmin -on-by-dataflow -loop-delete -instcombine -simplifycfg -globaldce -dce -gvn -deadargelim -dce -loop-simplify -clean-region -simplifycfg -propagate-stable-arguments -loop-stream -instcombine -simplifycfg -dce -globaldce -duplicate-dataflow-processes -stream-intrinsic-preproc -dce -check-ap-stream -loop-simplify -eliminate-keepreads -extract-dataflow-in-loop -loop-simplify -dce -gvn -deadargelim -dse -check-dataflow-syntax -legalize-stream-variable -legalize-global -extract-subproc -dce -dead-channel-elimination -canonicalize-gep -globaldce -dce -gvn -deadargelim -annotate-dataflow-channels -scalar-propagation -deadargelim -globaldce -mem2reg -check-dataflow-channels -function-stream -dce -globaldce -prop-fifo-spec -internal-stream-gen -canonicalize-gep -globaldce -dce -gvn -deadargelim -mergereturn -indvars -loop-simplify -instcombine -array-stream -array-seg-normalize -array-partition -func-legal -instcombine -simplifycfg -dce -bundle-memfifo-ops -deadargelim -function-uniquify -directive-preproc -mem2reg -dse -dce -group-axi-access -licm -simplifycfg -dce -loop-delete -norm-name E:/SEU/Graduation_Prj/BoostingTree/solution1/.autopilot/db/a.o.1.bc -o E:/SEU/Graduation_Prj/BoostingTree/solution1/.autopilot/db/a.o.1.tmp.bc -f 
INFO: [XFORM 203-502] Unrolling all sub-loops inside loop 'Loop-1' (BoostingTree/BoostingTree.cpp:16) in function 'predict_ensemble' for pipelining.
WARNING: [XFORM 203-503] Cannot unroll loop 'Loop-1.1' (BoostingTree/BoostingTree.cpp:25) in function 'predict_ensemble' completely: variable loop bound.
INFO: [XFORM 203-101] Partitioning array 'LBoostTree.is_leaf'  in dimension 1 with a block factor 4.
INFO: [XFORM 203-101] Partitioning array 'LBoostTree.feature_index.V'  in dimension 1 with a block factor 4.
INFO: [XFORM 203-101] Partitioning array 'LBoostTree.value'  in dimension 1 with a block factor 4.
INFO: [XFORM 203-101] Partitioning array 'LBoostTree.left_child.V'  in dimension 1 with a block factor 4.
INFO: [XFORM 203-101] Partitioning array 'LBoostTree.right_child.V'  in dimension 1 with a block factor 4.
Command         transform done; 0.392 sec.
INFO-FLOW: Presyn 2...
Execute         transform -hls -keep-callgraph -scalarrepl -mem2reg -port-alignment -attach-range -dce -pipe-mux-gen -indvars -loop-bound -inst-simplify -instcombine -dce -merge-array-access -mem2reg -dce -clean-region -mergereturn -if-conv -instcombine -dce -constprop -basicaa -aggr-aa -aggrmodref-aa -aggr-aa -gvn -gvn -basicaa -aggr-aa -aggrmodref-aa -aggr-aa -dse -adse -adce -scalarrepl -mem2reg -global-constprop -deadargelim -deadargelim -instcombine -dce -simplifycfg -ptrArgReplace -mem2reg -function-inline -globaldce -mem2reg -instcombine -dce -expr-balance -instcombine -dce -bitwidthmin -interface-preproc -directive-preproc -inst-rectify -instcombine -dce -functionattrs -constprop -instcombine -bit-constprop -simplify-global-access -globalopt -globaldce -inst-simplify -instcombine -elimdeaddata -dce -loop-delete -simplifycfg -loop-simplify -auto-burst -norm-name E:/SEU/Graduation_Prj/BoostingTree/solution1/.autopilot/db/a.o.1.tmp.bc -o E:/SEU/Graduation_Prj/BoostingTree/solution1/.autopilot/db/a.o.2.bc -f -phase presyn 
INFO: [XFORM 203-603] Inlining function 'aesl_mux_load.4[16 x [196 x i1]]P.i32.i64.i64' into 'predict_ensemble' (BoostingTree/Tree_Param.hpp:5->BoostingTree/BoostingTree.cpp:24).
INFO: [XFORM 203-603] Inlining function 'aesl_mux_load.4[16 x [196 x i4]]P.i32.i64.i64' into 'predict_ensemble' (BoostingTree/Tree_Param.hpp:5->BoostingTree/BoostingTree.cpp:24).
INFO: [XFORM 203-603] Inlining function 'aesl_mux_load.4[16 x [196 x float]]P.i32.i64.i64' into 'predict_ensemble' (BoostingTree/Tree_Param.hpp:5->BoostingTree/BoostingTree.cpp:24).
Command         transform done; 0.206 sec.
INFO: [HLS 200-111] Finished Pre-synthesis Time (s): cpu = 00:00:12 ; elapsed = 00:01:07 . Memory (MB): peak = 449.078 ; gain = 358.664
INFO-FLOW: Building ssdm...
Execute         transform -hls -function-uniquify -auto-function-inline -globaldce -ptrArgReplace -mem2reg -dce -reset-lda -loop-simplify -indvars -licm -loop-dep -loop-bound -licm -loop-simplify -flattenloopnest -array-flatten -gvn -instcombine -dce -array-map -dce -func-legal -gvn -adce -instcombine -cfgopt -simplifycfg -loop-simplify -array-burst -promote-global-argument -dce -ptrLegalization -axi4-lower -array-seg-normalize -basicaa -aggrmodref-aa -globalsmodref-aa -aggr-aa -gvn -gvn -basicaa -aggrmodref-aa -globalsmodref-aa -aggr-aa -dse -adse -adce -licm -inst-simplify -dce -globaldce -instcombine -array-stream -eliminate-keepreads -instcombine -dce -deadargelim -doublePtrSimplify -doublePtrElim -dce -doublePtrSimplify -promote-dbg-pointer -dce -scalarrepl -mem2reg -disaggr -norm-name -mem2reg -instcombine -dse -adse -adce -ptrLegalization -dce -auto-rom-infer -array-flatten -dce -instcombine -check-doubleptr -loop-rot -constprop -cfgopt -simplifycfg -loop-simplify -indvars -pointer-simplify -dce -loop-bound -loop-simplify -loop-preproc -constprop -global-constprop -gvn -mem2reg -instcombine -dce -loop-bound -loop-merge -dce -bitwidthmin -deadargelim -dce -canonicalize-dataflow -dce -scalar-propagation -deadargelim -globaldce -mem2reg -read-loop-dep -interface-preproc -directive-preproc -interface-gen -bram-byte-enable -deadargelim -inst-simplify -dce -gvn -mem2reg -instcombine -dce -adse -loop-bound -instcombine -cfgopt -simplifycfg -loop-simplify -clean-region -io-protocol -find-region -mem2reg -bitop-raise -complex-op-raise -inst-simplify -inst-rectify -instcombine -adce -deadargelim -loop-simplify -phi-opt -bitop-raise -cfgopt -simplifycfg -strip-dead-prototypes -interface-lower -bitop-lower -intrinsic-lower -auto-function-inline -basicaa -aggrmodref-aa -globalsmodref-aa -aggr-aa -inst-simplify -simplifycfg -loop-simplify -mergereturn -inst-simplify -inst-rectify -dce -load-elim -bitop-lower -loop-rewind -pointer-simplify -dce -cfgopt -dce -loop-bound -loop-dep -read-loop-dep -dce -check-stream -norm-name -legalize -validate-dataflow -inst-clarity -bitwidth -dump-loop-dep-to-ir -check-all-ssdm -cdfg-build E:/SEU/Graduation_Prj/BoostingTree/solution1/.autopilot/db/a.o.2.bc -o E:/SEU/Graduation_Prj/BoostingTree/solution1/.autopilot/db/a.o.3.bc -f -phase build-ssdm 
WARNING: [XFORM 203-542] Cannot flatten a loop nest 'Loop-1' (BoostingTree/BoostingTree.cpp:16:19) in function 'predict_ensemble' : 

the outer loop is not a perfect loop because there is nontrivial logic in the sub loop header.
Command         transform done; 0.328 sec.
INFO: [HLS 200-111] Finished Architecture Synthesis Time (s): cpu = 00:00:12 ; elapsed = 00:01:07 . Memory (MB): peak = 449.078 ; gain = 358.664
INFO-FLOW: Finish building internal data model.
Command       opt_and_import_c done; 13.306 sec.
Command     elaborate done; 65.533 sec.
Execute     autosyn -from_csynth_design=1 
INFO: [HLS 200-10] Starting hardware synthesis ...
INFO-FLOW: Synthesizing C/C++ design ...
INFO: [HLS 200-10] Synthesizing 'predict_ensemble' ...
Execute       ap_set_top_model predict_ensemble 
Execute       get_model_list predict_ensemble -filter all-wo-channel -topdown 
Execute       preproc_iomode -model predict_ensemble 
Execute       get_model_list predict_ensemble -filter all-wo-channel 
INFO-FLOW: Model list for configure: predict_ensemble
INFO-FLOW: Configuring Module : predict_ensemble ...
Execute       set_default_model predict_ensemble 
Execute       apply_spec_resource_limit predict_ensemble 
INFO-FLOW: Model list for preprocess: predict_ensemble
INFO-FLOW: Preprocessing Module: predict_ensemble ...
Execute       set_default_model predict_ensemble 
Execute       cdfg_preprocess -model predict_ensemble 
Execute       rtl_gen_preprocess predict_ensemble 
INFO-FLOW: Model list for synthesis: predict_ensemble
INFO: [HLS 200-10] ----------------------------------------------------------------
INFO: [HLS 200-42] -- Implementing module 'predict_ensemble' 
INFO: [HLS 200-10] ----------------------------------------------------------------
Execute       set_default_model predict_ensemble 
Execute       schedule -model predict_ensemble 
INFO: [SCHED 204-11] Starting scheduling ...
WARNING: [SCHED 204-65] Unable to satisfy pipeline directive: Loop contains subloop(s) not being unrolled or flattened.
INFO: [SCHED 204-11] Finished scheduling.
INFO: [HLS 200-111]  Elapsed time: 67.017 seconds; current allocated memory: 252.366 MB.
Execute       syn_report -verbosereport -o E:/SEU/Graduation_Prj/BoostingTree/solution1/.autopilot/db/predict_ensemble.verbose.sched.rpt 
INFO: [HLS 200-434] Only 0 loops out of a total 2 loops have been pipelined in this design.
Execute       db_write -o E:/SEU/Graduation_Prj/BoostingTree/solution1/.autopilot/db/predict_ensemble.sched.adb -f 
INFO-FLOW: Finish scheduling predict_ensemble.
Execute       set_default_model predict_ensemble 
Execute       bind -model predict_ensemble 
BIND OPTION: model=predict_ensemble
INFO: [BIND 205-100] Starting micro-architecture generation ...
INFO: [BIND 205-101] Performing variable lifetime analysis.
INFO: [BIND 205-101] Exploring resource sharing.
INFO: [BIND 205-101] Binding ...
INFO: [BIND 205-100] Finished micro-architecture generation.
INFO: [HLS 200-111]  Elapsed time: 0.198 seconds; current allocated memory: 252.978 MB.
Execute       syn_report -verbosereport -o E:/SEU/Graduation_Prj/BoostingTree/solution1/.autopilot/db/predict_ensemble.verbose.bind.rpt 
Execute       db_write -o E:/SEU/Graduation_Prj/BoostingTree/solution1/.autopilot/db/predict_ensemble.bind.adb -f 
INFO-FLOW: Finish binding predict_ensemble.
Execute       get_model_list predict_ensemble -filter all-wo-channel 
INFO-FLOW: Preprocessing for RTLGen ...
Execute       rtl_gen_preprocess predict_ensemble 
INFO-FLOW: Model list for RTL generation: predict_ensemble
INFO: [HLS 200-10] ----------------------------------------------------------------
INFO: [HLS 200-10] -- Generating RTL for module 'predict_ensemble' 
INFO: [HLS 200-10] ----------------------------------------------------------------
Execute       get_config_rtl -module_prefix 
Execute       get_config_rtl -module_auto_prefix 
Execute       create_rtl_model predict_ensemble -vendor xilinx -mg_file E:/SEU/Graduation_Prj/BoostingTree/solution1/.autopilot/db/predict_ensemble.compgen.tcl 
INFO: [RTGEN 206-500] Setting interface mode on port 'predict_ensemble/features' to 'ap_memory'.
INFO: [RTGEN 206-500] Setting interface mode on function 'predict_ensemble' to 's_axilite & ap_ctrl_hs'.
INFO: [SYN 201-210] Renamed object name 'predict_ensemble_LBoostTree_is_leaf_3' to 'predict_ensemble_bkb' due to the length limit 20
INFO: [SYN 201-210] Renamed object name 'predict_ensemble_LBoostTree_is_leaf_0' to 'predict_ensemble_cud' due to the length limit 20
INFO: [SYN 201-210] Renamed object name 'predict_ensemble_LBoostTree_is_leaf_1' to 'predict_ensemble_dEe' due to the length limit 20
INFO: [SYN 201-210] Renamed object name 'predict_ensemble_LBoostTree_is_leaf_2' to 'predict_ensemble_eOg' due to the length limit 20
INFO: [SYN 201-210] Renamed object name 'predict_ensemble_LBoostTree_feature_i' to 'predict_ensemble_fYi' due to the length limit 20
INFO: [SYN 201-210] Renamed object name 'predict_ensemble_LBoostTree_feature_i_3' to 'predict_ensemble_g8j' due to the length limit 20
INFO: [SYN 201-210] Renamed object name 'predict_ensemble_LBoostTree_feature_i_2' to 'predict_ensemble_hbi' due to the length limit 20
INFO: [SYN 201-210] Renamed object name 'predict_ensemble_LBoostTree_feature_i_1' to 'predict_ensemble_ibs' due to the length limit 20
INFO: [SYN 201-210] Renamed object name 'predict_ensemble_LBoostTree_value_3' to 'predict_ensemble_jbC' due to the length limit 20
INFO: [SYN 201-210] Renamed object name 'predict_ensemble_LBoostTree_value_0' to 'predict_ensemble_kbM' due to the length limit 20
INFO: [SYN 201-210] Renamed object name 'predict_ensemble_LBoostTree_value_1' to 'predict_ensemble_lbW' due to the length limit 20
INFO: [SYN 201-210] Renamed object name 'predict_ensemble_LBoostTree_value_2' to 'predict_ensemble_mb6' due to the length limit 20
INFO: [SYN 201-210] Renamed object name 'predict_ensemble_LBoostTree_left_chil_3' to 'predict_ensemble_ncg' due to the length limit 20
INFO: [SYN 201-210] Renamed object name 'predict_ensemble_LBoostTree_left_chil_2' to 'predict_ensemble_ocq' due to the length limit 20
INFO: [SYN 201-210] Renamed object name 'predict_ensemble_LBoostTree_left_chil_1' to 'predict_ensemble_pcA' due to the length limit 20
INFO: [SYN 201-210] Renamed object name 'predict_ensemble_LBoostTree_left_chil' to 'predict_ensemble_qcK' due to the length limit 20
INFO: [SYN 201-210] Renamed object name 'predict_ensemble_LBoostTree_right_chi_3' to 'predict_ensemble_rcU' due to the length limit 20
INFO: [SYN 201-210] Renamed object name 'predict_ensemble_LBoostTree_right_chi_2' to 'predict_ensemble_sc4' due to the length limit 20
INFO: [SYN 201-210] Renamed object name 'predict_ensemble_LBoostTree_right_chi_1' to 'predict_ensemble_tde' due to the length limit 20
INFO: [SYN 201-210] Renamed object name 'predict_ensemble_LBoostTree_right_chi' to 'predict_ensemble_udo' due to the length limit 20
INFO: [RTGEN 206-100] Bundling port 'return' to AXI-Lite port CTRL_BUS.
INFO: [SYN 201-210] Renamed object name 'predict_ensemble_fadd_32ns_32ns_32_4_full_dsp_1' to 'predict_ensemble_vdy' due to the length limit 20
INFO: [SYN 201-210] Renamed object name 'predict_ensemble_fcmp_32ns_32ns_1_2_1' to 'predict_ensemble_wdI' due to the length limit 20
INFO: [SYN 201-210] Renamed object name 'predict_ensemble_mux_432_8_1_1' to 'predict_ensemble_xdS' due to the length limit 20
INFO: [RTGEN 206-100] Generating core module 'predict_ensemble_vdy': 1 instance(s).
INFO: [RTGEN 206-100] Generating core module 'predict_ensemble_wdI': 1 instance(s).
INFO: [RTGEN 206-100] Generating core module 'predict_ensemble_xdS': 2 instance(s).
INFO: [RTGEN 206-100] Finished creating RTL model for 'predict_ensemble'.
Command       create_rtl_model done; 0.165 sec.
INFO: [HLS 200-111]  Elapsed time: 0.353 seconds; current allocated memory: 254.091 MB.
Execute       source E:/SEU/Graduation_Prj/BoostingTree/solution1/.autopilot/db/predict_ensemble.rtl_wrap.cfg.tcl 
Execute       gen_rtl predict_ensemble -istop -style xilinx -tracefl mytrace -tracefmt vcd -traceopt all -f -lang sc -o E:/SEU/Graduation_Prj/BoostingTree/solution1/syn/systemc/predict_ensemble -synmodules predict_ensemble 
Execute       gen_rtl predict_ensemble -istop -style xilinx -f -lang vhdl -o E:/SEU/Graduation_Prj/BoostingTree/solution1/syn/vhdl/predict_ensemble 
Execute       gen_rtl predict_ensemble -istop -style xilinx -f -lang vlog -o E:/SEU/Graduation_Prj/BoostingTree/solution1/syn/verilog/predict_ensemble 
Execute       syn_report -csynth -model predict_ensemble -o E:/SEU/Graduation_Prj/BoostingTree/solution1/syn/report/predict_ensemble_csynth.rpt 
Execute       syn_report -rtlxml -model predict_ensemble -o E:/SEU/Graduation_Prj/BoostingTree/solution1/syn/report/predict_ensemble_csynth.xml 
Execute       syn_report -verbosereport -model predict_ensemble -o E:/SEU/Graduation_Prj/BoostingTree/solution1/.autopilot/db/predict_ensemble.verbose.rpt 
Execute       db_write -model predict_ensemble -f -o E:/SEU/Graduation_Prj/BoostingTree/solution1/.autopilot/db/predict_ensemble.adb 
Execute       gen_tb_info predict_ensemble -p E:/SEU/Graduation_Prj/BoostingTree/solution1/.autopilot/db -o E:/SEU/Graduation_Prj/BoostingTree/solution1/.autopilot/db/predict_ensemble 
Execute       export_constraint_db -f -tool general -o E:/SEU/Graduation_Prj/BoostingTree/solution1/.autopilot/db/predict_ensemble.constraint.tcl 
Execute       syn_report -designview -model predict_ensemble -o E:/SEU/Graduation_Prj/BoostingTree/solution1/.autopilot/db/predict_ensemble.design.xml 
Execute       get_config_rtl -disable_wave_debug 
Execute       syn_report -wcfg -model predict_ensemble -o E:/SEU/Graduation_Prj/BoostingTree/solution1/.autopilot/db/predict_ensemble_dataflow_ana.wcfg 
Execute       syn_report -protoinst -model predict_ensemble -o E:/SEU/Graduation_Prj/BoostingTree/solution1/.autopilot/db/predict_ensemble.protoinst 
Execute       get_config_debug -directory 
Execute       sc_get_clocks predict_ensemble 
Execute       get_config_export -vivado_clock 
Execute       sc_get_portdomain predict_ensemble 
INFO-FLOW: Model list for RTL component generation: predict_ensemble
INFO-FLOW: Handling components in module [predict_ensemble] ... 
Execute       source E:/SEU/Graduation_Prj/BoostingTree/solution1/.autopilot/db/predict_ensemble.compgen.tcl 
INFO-FLOW: Found component predict_ensemble_vdy.
INFO-FLOW: Append model predict_ensemble_vdy
INFO-FLOW: Found component predict_ensemble_wdI.
INFO-FLOW: Append model predict_ensemble_wdI
INFO-FLOW: Found component predict_ensemble_xdS.
INFO-FLOW: Append model predict_ensemble_xdS
INFO-FLOW: Found component predict_ensemble_bkb.
INFO-FLOW: Append model predict_ensemble_bkb
INFO-FLOW: Found component predict_ensemble_cud.
INFO-FLOW: Append model predict_ensemble_cud
INFO-FLOW: Found component predict_ensemble_dEe.
INFO-FLOW: Append model predict_ensemble_dEe
INFO-FLOW: Found component predict_ensemble_eOg.
INFO-FLOW: Append model predict_ensemble_eOg
INFO-FLOW: Found component predict_ensemble_fYi.
INFO-FLOW: Append model predict_ensemble_fYi
INFO-FLOW: Found component predict_ensemble_g8j.
INFO-FLOW: Append model predict_ensemble_g8j
INFO-FLOW: Found component predict_ensemble_hbi.
INFO-FLOW: Append model predict_ensemble_hbi
INFO-FLOW: Found component predict_ensemble_ibs.
INFO-FLOW: Append model predict_ensemble_ibs
INFO-FLOW: Found component predict_ensemble_jbC.
INFO-FLOW: Append model predict_ensemble_jbC
INFO-FLOW: Found component predict_ensemble_kbM.
INFO-FLOW: Append model predict_ensemble_kbM
INFO-FLOW: Found component predict_ensemble_lbW.
INFO-FLOW: Append model predict_ensemble_lbW
INFO-FLOW: Found component predict_ensemble_mb6.
INFO-FLOW: Append model predict_ensemble_mb6
INFO-FLOW: Found component predict_ensemble_ncg.
INFO-FLOW: Append model predict_ensemble_ncg
INFO-FLOW: Found component predict_ensemble_ocq.
INFO-FLOW: Append model predict_ensemble_ocq
INFO-FLOW: Found component predict_ensemble_pcA.
INFO-FLOW: Append model predict_ensemble_pcA
INFO-FLOW: Found component predict_ensemble_qcK.
INFO-FLOW: Append model predict_ensemble_qcK
INFO-FLOW: Found component predict_ensemble_rcU.
INFO-FLOW: Append model predict_ensemble_rcU
INFO-FLOW: Found component predict_ensemble_sc4.
INFO-FLOW: Append model predict_ensemble_sc4
INFO-FLOW: Found component predict_ensemble_tde.
INFO-FLOW: Append model predict_ensemble_tde
INFO-FLOW: Found component predict_ensemble_udo.
INFO-FLOW: Append model predict_ensemble_udo
INFO-FLOW: Found component predict_ensemble_CTRL_BUS_s_axi.
INFO-FLOW: Append model predict_ensemble_CTRL_BUS_s_axi
INFO-FLOW: Append model predict_ensemble
INFO-FLOW: Generating RTL model list ...
INFO-FLOW: All models in this session: predict_ensemble_vdy predict_ensemble_wdI predict_ensemble_xdS predict_ensemble_bkb predict_ensemble_cud predict_ensemble_dEe predict_ensemble_eOg predict_ensemble_fYi predict_ensemble_g8j predict_ensemble_hbi predict_ensemble_ibs predict_ensemble_jbC predict_ensemble_kbM predict_ensemble_lbW predict_ensemble_mb6 predict_ensemble_ncg predict_ensemble_ocq predict_ensemble_pcA predict_ensemble_qcK predict_ensemble_rcU predict_ensemble_sc4 predict_ensemble_tde predict_ensemble_udo predict_ensemble_CTRL_BUS_s_axi predict_ensemble
INFO-FLOW: To file: write model predict_ensemble_vdy
INFO-FLOW: To file: write model predict_ensemble_wdI
INFO-FLOW: To file: write model predict_ensemble_xdS
INFO-FLOW: To file: write model predict_ensemble_bkb
INFO-FLOW: To file: write model predict_ensemble_cud
INFO-FLOW: To file: write model predict_ensemble_dEe
INFO-FLOW: To file: write model predict_ensemble_eOg
INFO-FLOW: To file: write model predict_ensemble_fYi
INFO-FLOW: To file: write model predict_ensemble_g8j
INFO-FLOW: To file: write model predict_ensemble_hbi
INFO-FLOW: To file: write model predict_ensemble_ibs
INFO-FLOW: To file: write model predict_ensemble_jbC
INFO-FLOW: To file: write model predict_ensemble_kbM
INFO-FLOW: To file: write model predict_ensemble_lbW
INFO-FLOW: To file: write model predict_ensemble_mb6
INFO-FLOW: To file: write model predict_ensemble_ncg
INFO-FLOW: To file: write model predict_ensemble_ocq
INFO-FLOW: To file: write model predict_ensemble_pcA
INFO-FLOW: To file: write model predict_ensemble_qcK
INFO-FLOW: To file: write model predict_ensemble_rcU
INFO-FLOW: To file: write model predict_ensemble_sc4
INFO-FLOW: To file: write model predict_ensemble_tde
INFO-FLOW: To file: write model predict_ensemble_udo
INFO-FLOW: To file: write model predict_ensemble_CTRL_BUS_s_axi
INFO-FLOW: To file: write model predict_ensemble
INFO-FLOW: Finished generating RTL model list.


INFO-FLOW: RTL Generation done.
INFO-FLOW: CAS Generation done.
INFO-FLOW: CBC Generation done.
INFO-FLOW: DBG:CMD: auto_generate_csynth_design
INFO-FLOW: DBG:CMD:     auto_generate --sim-model -phase csynth_design -d E:/SEU/Graduation_Prj/BoostingTree/solution1
Execute       source E:/SEU/Graduation_Prj/BoostingTree/solution1/.autopilot/db/global.setting.tcl 
INFO-FLOW: DBG:CMD: read_platform_lib E:/SEU/Graduation_Prj/BoostingTree/solution1/.autopilot/db/global.setting.tcl
Execute       source F:/Xilinx/Vivado/2019.1/common/technology/generic/autopilot/common.gen 
Execute         source F:/Xilinx/Vivado/2019.1/common/technology/generic/autopilot/APCoreGen.gen 
Execute       source F:/Xilinx/Vivado/2019.1/common/technology/generic/autopilot/op.gen 
Execute       source F:/Xilinx/Vivado/2019.1/common/technology/generic/autopilot/op_simcore.gen 
Execute       source F:/Xilinx/Vivado/2019.1/common/technology/generic/autopilot/interface.gen 
Execute       source E:/SEU/Graduation_Prj/BoostingTree/solution1/.autopilot/db/global.setting.tcl 
Execute       source F:/Xilinx/Vivado/2019.1/common/technology/xilinx/zynq/zynq.gen 
Execute         source F:/Xilinx/Vivado/2019.1/common/technology/xilinx/common/xilinx.gen 
Execute           source F:/Xilinx/Vivado/2019.1/common/technology/xilinx/interface/plb46.gen 
Execute           source F:/Xilinx/Vivado/2019.1/common/technology/xilinx/interface/fsl.gen 
Execute           source F:/Xilinx/Vivado/2019.1/common/technology/xilinx/interface/axi4.gen 
Execute           source F:/Xilinx/Vivado/2019.1/common/technology/xilinx/interface/nativeAXI4.gen 
Execute             source F:/Xilinx/Vivado/2019.1/common/technology/xilinx/interface/saxilite.gen 
Execute             source F:/Xilinx/Vivado/2019.1/common/technology/xilinx/interface/maxi.gen 
Execute           source F:/Xilinx/Vivado/2019.1/common/technology/xilinx/scripts/xilinxcoregen.gen 
Execute           source F:/Xilinx/Vivado/2019.1/common/technology/xilinx/interface/XilEDKCoreGen.gen 
Execute           source F:/Xilinx/Vivado/2019.1/common/technology/xilinx/ip/dds_compiler.gen 
Execute           source F:/Xilinx/Vivado/2019.1/common/technology/xilinx/ip/util.gen 
Execute           source F:/Xilinx/Vivado/2019.1/common/technology/xilinx/ip/xfft.gen 
Execute           source F:/Xilinx/Vivado/2019.1/common/technology/xilinx/ip/xfir.gen 
Execute           source F:/Xilinx/Vivado/2019.1/common/technology/xilinx/common/dsp48.gen 
Command         ap_source done; 0.124 sec.
Command       ap_source done; 0.124 sec.
Execute       source F:/Xilinx/Vivado/2019.1/common/technology/xilinx/zynq/zynq_fpv6.gen 
Execute         source F:/Xilinx/Vivado/2019.1/common/technology/xilinx/common/xilinx_fp.gen 
INFO-FLOW: DBG:CMD:   using AESL_AUTOCG::g_clock_period=10.000 (was NA)
INFO-FLOW: DBG:CMD:       generate_ip_cores sim=1 export=0 expOnly=0 dstVlogDir=syn/verilog
Execute       source E:/SEU/Graduation_Prj/BoostingTree/solution1/.autopilot/db/global.setting.tcl 
Execute       ap_part_info -name xc7z020-clg400-2 -data names -quiet 
Execute       ap_part_info -name xc7z020-clg400-2 -data info -quiet 
Execute       source E:/SEU/Graduation_Prj/BoostingTree/solution1/.autopilot/db/global.setting.tcl 
Execute       source E:/SEU/Graduation_Prj/BoostingTree/solution1/.autopilot/db/global.setting.tcl 
Execute       source E:/SEU/Graduation_Prj/BoostingTree/solution1/.autopilot/db/predict_ensemble.compgen.tcl 
Execute         ap_part_info -name xc7z020-clg400-2 -data names -quiet 
Execute         ap_part_info -name xc7z020-clg400-2 -data info -quiet 
Execute         ap_part_info -name xc7z020-clg400-2 -data names -quiet 
Execute         ap_part_info -name xc7z020-clg400-2 -data info -quiet 
Execute         ap_part_info -name xc7z020-clg400-2 -data names -quiet 
Execute         ap_part_info -name xc7z020-clg400-2 -data info -quiet 
Execute         ap_part_info -name xc7z020-clg400-2 -data names -quiet 
Execute         ap_part_info -name xc7z020-clg400-2 -data info -quiet 
INFO: [RTMG 210-279] Implementing memory 'predict_ensemble_bkb_rom' using auto ROMs.
Execute         ap_part_info -name xc7z020-clg400-2 -data names -quiet 
Execute         ap_part_info -name xc7z020-clg400-2 -data info -quiet 
Execute         ap_part_info -name xc7z020-clg400-2 -data names -quiet 
Execute         ap_part_info -name xc7z020-clg400-2 -data info -quiet 
Execute         ap_part_info -name xc7z020-clg400-2 -data names -quiet 
Execute         ap_part_info -name xc7z020-clg400-2 -data info -quiet 
INFO: [RTMG 210-279] Implementing memory 'predict_ensemble_cud_rom' using auto ROMs.
Execute         ap_part_info -name xc7z020-clg400-2 -data names -quiet 
Execute         ap_part_info -name xc7z020-clg400-2 -data info -quiet 
Execute         ap_part_info -name xc7z020-clg400-2 -data names -quiet 
Execute         ap_part_info -name xc7z020-clg400-2 -data info -quiet 
Execute         ap_part_info -name xc7z020-clg400-2 -data names -quiet 
Execute         ap_part_info -name xc7z020-clg400-2 -data info -quiet 
INFO: [RTMG 210-279] Implementing memory 'predict_ensemble_dEe_rom' using auto ROMs.
Execute         ap_part_info -name xc7z020-clg400-2 -data names -quiet 
Execute         ap_part_info -name xc7z020-clg400-2 -data info -quiet 
Execute         ap_part_info -name xc7z020-clg400-2 -data names -quiet 
Execute         ap_part_info -name xc7z020-clg400-2 -data info -quiet 
Execute         ap_part_info -name xc7z020-clg400-2 -data names -quiet 
Execute         ap_part_info -name xc7z020-clg400-2 -data info -quiet 
INFO: [RTMG 210-279] Implementing memory 'predict_ensemble_eOg_rom' using auto ROMs.
Execute         ap_part_info -name xc7z020-clg400-2 -data names -quiet 
Execute         ap_part_info -name xc7z020-clg400-2 -data info -quiet 
Execute         ap_part_info -name xc7z020-clg400-2 -data names -quiet 
Execute         ap_part_info -name xc7z020-clg400-2 -data info -quiet 
Execute         ap_part_info -name xc7z020-clg400-2 -data names -quiet 
Execute         ap_part_info -name xc7z020-clg400-2 -data info -quiet 
INFO: [RTMG 210-279] Implementing memory 'predict_ensemble_fYi_rom' using auto ROMs.
Execute         ap_part_info -name xc7z020-clg400-2 -data names -quiet 
Execute         ap_part_info -name xc7z020-clg400-2 -data info -quiet 
Execute         ap_part_info -name xc7z020-clg400-2 -data names -quiet 
Execute         ap_part_info -name xc7z020-clg400-2 -data info -quiet 
Execute         ap_part_info -name xc7z020-clg400-2 -data names -quiet 
Execute         ap_part_info -name xc7z020-clg400-2 -data info -quiet 
INFO: [RTMG 210-279] Implementing memory 'predict_ensemble_g8j_rom' using auto ROMs.
Execute         ap_part_info -name xc7z020-clg400-2 -data names -quiet 
Execute         ap_part_info -name xc7z020-clg400-2 -data info -quiet 
Execute         ap_part_info -name xc7z020-clg400-2 -data names -quiet 
Execute         ap_part_info -name xc7z020-clg400-2 -data info -quiet 
Execute         ap_part_info -name xc7z020-clg400-2 -data names -quiet 
Execute         ap_part_info -name xc7z020-clg400-2 -data info -quiet 
INFO: [RTMG 210-279] Implementing memory 'predict_ensemble_hbi_rom' using auto ROMs.
Execute         ap_part_info -name xc7z020-clg400-2 -data names -quiet 
Execute         ap_part_info -name xc7z020-clg400-2 -data info -quiet 
Execute         ap_part_info -name xc7z020-clg400-2 -data names -quiet 
Execute         ap_part_info -name xc7z020-clg400-2 -data info -quiet 
Execute         ap_part_info -name xc7z020-clg400-2 -data names -quiet 
Execute         ap_part_info -name xc7z020-clg400-2 -data info -quiet 
INFO: [RTMG 210-279] Implementing memory 'predict_ensemble_ibs_rom' using auto ROMs.
Execute         ap_part_info -name xc7z020-clg400-2 -data names -quiet 
Execute         ap_part_info -name xc7z020-clg400-2 -data info -quiet 
Execute         ap_part_info -name xc7z020-clg400-2 -data names -quiet 
Execute         ap_part_info -name xc7z020-clg400-2 -data info -quiet 
Execute         ap_part_info -name xc7z020-clg400-2 -data names -quiet 
Execute         ap_part_info -name xc7z020-clg400-2 -data info -quiet 
INFO: [RTMG 210-279] Implementing memory 'predict_ensemble_jbC_rom' using auto ROMs.
Execute         ap_part_info -name xc7z020-clg400-2 -data names -quiet 
Execute         ap_part_info -name xc7z020-clg400-2 -data info -quiet 
Execute         ap_part_info -name xc7z020-clg400-2 -data names -quiet 
Execute         ap_part_info -name xc7z020-clg400-2 -data info -quiet 
Execute         ap_part_info -name xc7z020-clg400-2 -data names -quiet 
Execute         ap_part_info -name xc7z020-clg400-2 -data info -quiet 
INFO: [RTMG 210-279] Implementing memory 'predict_ensemble_kbM_rom' using auto ROMs.
Execute         ap_part_info -name xc7z020-clg400-2 -data names -quiet 
Execute         ap_part_info -name xc7z020-clg400-2 -data info -quiet 
Execute         ap_part_info -name xc7z020-clg400-2 -data names -quiet 
Execute         ap_part_info -name xc7z020-clg400-2 -data info -quiet 
Execute         ap_part_info -name xc7z020-clg400-2 -data names -quiet 
Execute         ap_part_info -name xc7z020-clg400-2 -data info -quiet 
INFO: [RTMG 210-279] Implementing memory 'predict_ensemble_lbW_rom' using auto ROMs.
Execute         ap_part_info -name xc7z020-clg400-2 -data names -quiet 
Execute         ap_part_info -name xc7z020-clg400-2 -data info -quiet 
Execute         ap_part_info -name xc7z020-clg400-2 -data names -quiet 
Execute         ap_part_info -name xc7z020-clg400-2 -data info -quiet 
Execute         ap_part_info -name xc7z020-clg400-2 -data names -quiet 
Execute         ap_part_info -name xc7z020-clg400-2 -data info -quiet 
INFO: [RTMG 210-279] Implementing memory 'predict_ensemble_mb6_rom' using auto ROMs.
Execute         ap_part_info -name xc7z020-clg400-2 -data names -quiet 
Execute         ap_part_info -name xc7z020-clg400-2 -data info -quiet 
Execute         ap_part_info -name xc7z020-clg400-2 -data names -quiet 
Execute         ap_part_info -name xc7z020-clg400-2 -data info -quiet 
Execute         ap_part_info -name xc7z020-clg400-2 -data names -quiet 
Execute         ap_part_info -name xc7z020-clg400-2 -data info -quiet 
INFO: [RTMG 210-279] Implementing memory 'predict_ensemble_ncg_rom' using auto ROMs.
Execute         ap_part_info -name xc7z020-clg400-2 -data names -quiet 
Execute         ap_part_info -name xc7z020-clg400-2 -data info -quiet 
Execute         ap_part_info -name xc7z020-clg400-2 -data names -quiet 
Execute         ap_part_info -name xc7z020-clg400-2 -data info -quiet 
Execute         ap_part_info -name xc7z020-clg400-2 -data names -quiet 
Execute         ap_part_info -name xc7z020-clg400-2 -data info -quiet 
INFO: [RTMG 210-279] Implementing memory 'predict_ensemble_ocq_rom' using auto ROMs.
Execute         ap_part_info -name xc7z020-clg400-2 -data names -quiet 
Execute         ap_part_info -name xc7z020-clg400-2 -data info -quiet 
Execute         ap_part_info -name xc7z020-clg400-2 -data names -quiet 
Execute         ap_part_info -name xc7z020-clg400-2 -data info -quiet 
Execute         ap_part_info -name xc7z020-clg400-2 -data names -quiet 
Execute         ap_part_info -name xc7z020-clg400-2 -data info -quiet 
INFO: [RTMG 210-279] Implementing memory 'predict_ensemble_pcA_rom' using auto ROMs.
Execute         ap_part_info -name xc7z020-clg400-2 -data names -quiet 
Execute         ap_part_info -name xc7z020-clg400-2 -data info -quiet 
Execute         ap_part_info -name xc7z020-clg400-2 -data names -quiet 
Execute         ap_part_info -name xc7z020-clg400-2 -data info -quiet 
Execute         ap_part_info -name xc7z020-clg400-2 -data names -quiet 
Execute         ap_part_info -name xc7z020-clg400-2 -data info -quiet 
INFO: [RTMG 210-279] Implementing memory 'predict_ensemble_qcK_rom' using auto ROMs.
Execute         ap_part_info -name xc7z020-clg400-2 -data names -quiet 
Execute         ap_part_info -name xc7z020-clg400-2 -data info -quiet 
Execute         ap_part_info -name xc7z020-clg400-2 -data names -quiet 
Execute         ap_part_info -name xc7z020-clg400-2 -data info -quiet 
Execute         ap_part_info -name xc7z020-clg400-2 -data names -quiet 
Execute         ap_part_info -name xc7z020-clg400-2 -data info -quiet 
INFO: [RTMG 210-279] Implementing memory 'predict_ensemble_rcU_rom' using auto ROMs.
Execute         ap_part_info -name xc7z020-clg400-2 -data names -quiet 
Execute         ap_part_info -name xc7z020-clg400-2 -data info -quiet 
Execute         ap_part_info -name xc7z020-clg400-2 -data names -quiet 
Execute         ap_part_info -name xc7z020-clg400-2 -data info -quiet 
Execute         ap_part_info -name xc7z020-clg400-2 -data names -quiet 
Execute         ap_part_info -name xc7z020-clg400-2 -data info -quiet 
INFO: [RTMG 210-279] Implementing memory 'predict_ensemble_sc4_rom' using auto ROMs.
Execute         ap_part_info -name xc7z020-clg400-2 -data names -quiet 
Execute         ap_part_info -name xc7z020-clg400-2 -data info -quiet 
Execute         ap_part_info -name xc7z020-clg400-2 -data names -quiet 
Execute         ap_part_info -name xc7z020-clg400-2 -data info -quiet 
Execute         ap_part_info -name xc7z020-clg400-2 -data names -quiet 
Execute         ap_part_info -name xc7z020-clg400-2 -data info -quiet 
INFO: [RTMG 210-279] Implementing memory 'predict_ensemble_tde_rom' using auto ROMs.
Execute         ap_part_info -name xc7z020-clg400-2 -data names -quiet 
Execute         ap_part_info -name xc7z020-clg400-2 -data info -quiet 
Execute         ap_part_info -name xc7z020-clg400-2 -data names -quiet 
Execute         ap_part_info -name xc7z020-clg400-2 -data info -quiet 
Execute         ap_part_info -name xc7z020-clg400-2 -data names -quiet 
Execute         ap_part_info -name xc7z020-clg400-2 -data info -quiet 
INFO: [RTMG 210-279] Implementing memory 'predict_ensemble_udo_rom' using auto ROMs.
Execute         ap_part_info -name xc7z020-clg400-2 -data names -quiet 
Execute         ap_part_info -name xc7z020-clg400-2 -data info -quiet 
Execute         ap_part_info -name xc7z020-clg400-2 -data names -quiet 
Execute         ap_part_info -name xc7z020-clg400-2 -data info -quiet 
Execute         source ./CTRL_BUS.slave.tcl 
Execute         is_m_axi_addr64 
Command       ap_source done; 2.737 sec.
INFO-FLOW: DBG:CMD:     auto_generate -export -impltomg_flag -rtl both -tool Vivado -pcore_version 1.00.a -phase csynth_design -d E:/SEU/Graduation_Prj/BoostingTree/solution1
Execute       source E:/SEU/Graduation_Prj/BoostingTree/solution1/.autopilot/db/global.setting.tcl 
INFO-FLOW: DBG:CMD: read_platform_lib E:/SEU/Graduation_Prj/BoostingTree/solution1/.autopilot/db/global.setting.tcl
Execute       source F:/Xilinx/Vivado/2019.1/common/technology/generic/autopilot/common.gen 
Execute         source F:/Xilinx/Vivado/2019.1/common/technology/generic/autopilot/APCoreGen.gen 
Execute       source F:/Xilinx/Vivado/2019.1/common/technology/generic/autopilot/op.gen 
Execute       source F:/Xilinx/Vivado/2019.1/common/technology/generic/autopilot/op_simcore.gen 
Execute       source F:/Xilinx/Vivado/2019.1/common/technology/generic/autopilot/interface.gen 
Execute       source E:/SEU/Graduation_Prj/BoostingTree/solution1/.autopilot/db/global.setting.tcl 
Execute       source F:/Xilinx/Vivado/2019.1/common/technology/xilinx/zynq/zynq.gen 
Execute         source F:/Xilinx/Vivado/2019.1/common/technology/xilinx/common/xilinx.gen 
Execute           source F:/Xilinx/Vivado/2019.1/common/technology/xilinx/interface/plb46.gen 
Execute           source F:/Xilinx/Vivado/2019.1/common/technology/xilinx/interface/fsl.gen 
Execute           source F:/Xilinx/Vivado/2019.1/common/technology/xilinx/interface/axi4.gen 
Execute           source F:/Xilinx/Vivado/2019.1/common/technology/xilinx/interface/nativeAXI4.gen 
Execute             source F:/Xilinx/Vivado/2019.1/common/technology/xilinx/interface/saxilite.gen 
Execute             source F:/Xilinx/Vivado/2019.1/common/technology/xilinx/interface/maxi.gen 
Execute           source F:/Xilinx/Vivado/2019.1/common/technology/xilinx/scripts/xilinxcoregen.gen 
Execute           source F:/Xilinx/Vivado/2019.1/common/technology/xilinx/interface/XilEDKCoreGen.gen 
Execute           source F:/Xilinx/Vivado/2019.1/common/technology/xilinx/ip/dds_compiler.gen 
Execute           source F:/Xilinx/Vivado/2019.1/common/technology/xilinx/ip/util.gen 
Execute           source F:/Xilinx/Vivado/2019.1/common/technology/xilinx/ip/xfft.gen 
Execute           source F:/Xilinx/Vivado/2019.1/common/technology/xilinx/ip/xfir.gen 
Execute           source F:/Xilinx/Vivado/2019.1/common/technology/xilinx/common/dsp48.gen 
Command         ap_source done; 0.116 sec.
Command       ap_source done; 0.116 sec.
Execute       source F:/Xilinx/Vivado/2019.1/common/technology/xilinx/zynq/zynq_fpv6.gen 
Execute         source F:/Xilinx/Vivado/2019.1/common/technology/xilinx/common/xilinx_fp.gen 
INFO-FLOW: DBG:CMD:       initCTypeInfo top_module=predict_ensemble xml_exists=0
Execute       source E:/SEU/Graduation_Prj/BoostingTree/solution1/.autopilot/db/predict_ensemble.rtl_wrap.cfg.tcl 
Execute       source E:/SEU/Graduation_Prj/BoostingTree/solution1/.autopilot/db/predict_ensemble.rtl_wrap.cfg.tcl 
Execute       source E:/SEU/Graduation_Prj/BoostingTree/solution1/.autopilot/db/predict_ensemble.rtl_wrap.cfg.tcl 
Execute       source E:/SEU/Graduation_Prj/BoostingTree/solution1/.autopilot/db/predict_ensemble.tbgen.tcl 
Execute       source E:/SEU/Graduation_Prj/BoostingTree/solution1/.autopilot/db/predict_ensemble.tbgen.tcl 
INFO-FLOW: DBG:CMD:       export_impl_rtl
INFO-FLOW: DBG:CMD:       generate_ip_cores sim=0 export=0 expOnly=0 dstVlogDir=impl/.verilog
Execute       source E:/SEU/Graduation_Prj/BoostingTree/solution1/.autopilot/db/global.setting.tcl 
Execute       source E:/SEU/Graduation_Prj/BoostingTree/solution1/.autopilot/db/predict_ensemble.compgen.tcl 
Execute         ap_part_info -name xc7z020-clg400-2 -data names -quiet 
Execute         ap_part_info -name xc7z020-clg400-2 -data info -quiet 
Execute         ap_part_info -name xc7z020-clg400-2 -data names -quiet 
Execute         ap_part_info -name xc7z020-clg400-2 -data info -quiet 
INFO-FLOW: DBG:CMD:       generate_ip_cores sim=0 export=1 expOnly=1 dstVlogDir=impl/.pcores/verilog
Execute       source E:/SEU/Graduation_Prj/BoostingTree/solution1/.autopilot/db/global.setting.tcl 
Execute       source E:/SEU/Graduation_Prj/BoostingTree/solution1/.autopilot/db/predict_ensemble.compgen.tcl 
Execute         ap_part_info -name xc7z020-clg400-2 -data names -quiet 
Execute         ap_part_info -name xc7z020-clg400-2 -data info -quiet 
Execute         ap_part_info -name xc7z020-clg400-2 -data names -quiet 
Execute         ap_part_info -name xc7z020-clg400-2 -data info -quiet 
Execute         source E:/SEU/Graduation_Prj/BoostingTree/solution1/.autopilot/db/predict_ensemble.tbgen.tcl 
Execute         ap_part_info -name xc7z020-clg400-2 -data names -quiet 
Execute         ap_part_info -name xc7z020-clg400-2 -data info -quiet 
Execute         ap_part_info -name xc7z020-clg400-2 -data names -quiet 
Execute         ap_part_info -name xc7z020-clg400-2 -data info -quiet 
Execute         ap_part_info -name xc7z020-clg400-2 -data names -quiet 
Execute         ap_part_info -name xc7z020-clg400-2 -data info -quiet 
Execute         ap_part_info -name xc7z020-clg400-2 -data names -quiet 
Execute         ap_part_info -name xc7z020-clg400-2 -data info -quiet 
Execute         ap_part_info -name xc7z020-clg400-2 -data names -quiet 
Execute         ap_part_info -name xc7z020-clg400-2 -data info -quiet 
Execute       ap_part_info -name xc7z020-clg400-2 -data names -quiet 
Execute       ap_part_info -name xc7z020-clg400-2 -data info -quiet 
INFO-FLOW: DBG:CMD:       generate_ip_cores sim=0 export=0 expOnly=0 dstVlogDir=impl/.pcores/verilog_sim
Execute       source E:/SEU/Graduation_Prj/BoostingTree/solution1/.autopilot/db/global.setting.tcl 
Execute       source E:/SEU/Graduation_Prj/BoostingTree/solution1/.autopilot/db/predict_ensemble.compgen.tcl 
Execute       ap_part_info -name xc7z020-clg400-2 -data names -quiet 
Execute       ap_part_info -name xc7z020-clg400-2 -data info -quiet 
Execute       ap_part_info -name xc7z020-clg400-2 -data names -quiet 
Execute       ap_part_info -name xc7z020-clg400-2 -data info -quiet 
Execute       source E:/SEU/Graduation_Prj/BoostingTree/solution1/.autopilot/db/global.setting.tcl 
Execute       ap_part_info -name xc7z020-clg400-2 -data names -quiet 
Execute       ap_part_info -name xc7z020-clg400-2 -data info -quiet 
Execute       source E:/SEU/Graduation_Prj/BoostingTree/solution1/.autopilot/db/predict_ensemble.constraint.tcl 
Execute       source E:/SEU/Graduation_Prj/BoostingTree/solution1/.autopilot/db/predict_ensemble.tbgen.tcl 
INFO-FLOW: DBG:CMD:       hasPcoreIpAdapter=false #gSsdmPorts=4
INFO-FLOW: DBG:CMD: Skipping loadAnalyze_DB, #g_database=2
INFO-FLOW: DBG:CMD:       generate_json is_phase_csynth=1 g_has_adaptors=false generate_bd_files=0 #modelList=25 #gSsdmPorts=4
Execute       source F:/Xilinx/Vivado/2019.1/tps/tcl/tcllib1.11.1/fileutil/fileutil.tcl 
Execute       source E:/SEU/Graduation_Prj/BoostingTree/solution1/.autopilot/db/global.setting.tcl 
Execute       source E:/SEU/Graduation_Prj/BoostingTree/solution1/.autopilot/db/global.setting.tcl 
Execute       get_config_export -xo 
Execute       source E:/SEU/Graduation_Prj/BoostingTree/solution1/.autopilot/db/predict_ensemble.tbgen.tcl 
Execute       source E:/SEU/Graduation_Prj/BoostingTree/solution1/.autopilot/db/predict_ensemble.compgen.dataonly.tcl 
Execute       source E:/SEU/Graduation_Prj/BoostingTree/solution1/.autopilot/db/predict_ensemble.compgen.dataonly.tcl 
Execute       source E:/SEU/Graduation_Prj/BoostingTree/solution1/.autopilot/db/global.setting.tcl 
Execute       get_config_sdx -target 
Execute       source E:/SEU/Graduation_Prj/BoostingTree/solution1/.autopilot/db/predict_ensemble.rtl_wrap.cfg.tcl 
Execute       source E:/SEU/Graduation_Prj/BoostingTree/solution1/.autopilot/db/predict_ensemble.compgen.dataonly.tcl 
Execute       source E:/SEU/Graduation_Prj/BoostingTree/solution1/.autopilot/db/global.setting.tcl 
Execute       ap_part_info -name xc7z020-clg400-2 -data names -quiet 
Execute       ap_part_info -name xc7z020-clg400-2 -data info -quiet 
Execute       source E:/SEU/Graduation_Prj/BoostingTree/solution1/.autopilot/db/predict_ensemble.constraint.tcl 
Execute       sc_get_clocks predict_ensemble 
Execute       ap_part_info -name xc7z020-clg400-2 -data names -quiet 
Execute       ap_part_info -name xc7z020-clg400-2 -data info -quiet 
Execute       source E:/SEU/Graduation_Prj/BoostingTree/solution1/.autopilot/db/global.setting.tcl 
Execute       get_config_debug -directory 
Execute       source E:/SEU/Graduation_Prj/BoostingTree/solution1/impl/misc/predict_ensemble_ap_fadd_2_full_dsp_32_ip.tcl 
Execute       source E:/SEU/Graduation_Prj/BoostingTree/solution1/impl/misc/predict_ensemble_ap_fcmp_0_no_dsp_32_ip.tcl 
Execute       source E:/SEU/Graduation_Prj/BoostingTree/solution1/.autopilot/db/predict_ensemble.tbgen.tcl 
Execute       get_config_sdx -target 
Execute       get_config_sdx -profile 
Execute       get_config_rtl -kernel_profile 
Execute       get_config_rtl -stall_sig_gen 
Execute       get_config_rtl -profile 
INFO-FLOW: DBG:CMD: add_json_sdx_info kernel file does not exist, skipping opencl info: E:/SEU/Graduation_Prj/BoostingTree/solution1/.autopilot/db/kernel.internal.xml
INFO-FLOW: DBG:CMD:       delete-temp-dirs (skipped for debug)
INFO: [HLS 200-111] Finished generating all RTL models Time (s): cpu = 00:00:16 ; elapsed = 00:01:12 . Memory (MB): peak = 449.078 ; gain = 358.664
INFO: [VHDL 208-304] Generating VHDL RTL for predict_ensemble.
INFO: [VLOG 209-307] Generating Verilog RTL for predict_ensemble.
Command     autosyn done; 4.877 sec.
Command   csynth_design done; 70.418 sec.
Command ap_source done; 71.404 sec.
Execute cleanup_all 
