

================================================================
== Vivado HLS Report for 'predict_ensemble'
================================================================
* Date:           Wed Mar 12 15:23:55 2025

* Version:        2019.1 (Build 2552052 on Fri May 24 15:28:33 MDT 2019)
* Project:        BoostingTree
* Solution:       solution1
* Product family: zynq
* Target device:  xc7z020-clg400-2


================================================================
== Performance Estimates
================================================================
+ Timing (ns): 
    * Summary: 
    +--------+-------+----------+------------+
    |  Clock | Target| Estimated| Uncertainty|
    +--------+-------+----------+------------+
    |ap_clk  |  10.00|     9.763|        1.25|
    +--------+-------+----------+------------+

+ Latency (clock cycles): 
    * Summary: 
    +-----+-------+-----+-------+---------+
    |   Latency   |   Interval  | Pipeline|
    | min |  max  | min |  max  |   Type  |
    +-----+-------+-----+-------+---------+
    |  605|  38237|  605|  38237|   none  |
    +-----+-------+-----+-------+---------+

    + Detail: 
        * Instance: 
        N/A

        * Loop: 
        +--------------------+-----+-------+----------+-----------+-----------+---------+----------+
        |                    |   Latency   | Iteration|  Initiation Interval  |   Trip  |          |
        |      Loop Name     | min |  max  |  Latency |  achieved |   target  |  Count  | Pipelined|
        +--------------------+-----+-------+----------+-----------+-----------+---------+----------+
        |- Feature_Load      |   26|     26|         2|          -|          -|       13|    no    |
        |- Tree_Tranversal   |  576|  38208|  9 ~ 597 |          -|          -|       64|    no    |
        | + LOOP_TREE_DEPTH  |    5|    590|         4|          3|          1| 1 ~ 196 |    yes   |
        +--------------------+-----+-------+----------+-----------+-----------+---------+----------+

============================================================
+ Verbose Summary: Synthesis Manager
============================================================
InlineROM: 1
ExposeGlobal: 0
============================================================
+ Verbose Summary: CDFG Model
============================================================
IsTopModel: 1
ResetActiveHigh: 1
IsCombinational: 0
IsDatapathOnly: 0
HasWiredReturn: 1
HasMFsm: 0
HasVarLatency: 1
IsPipeline: 0
IsRtlPipelined: 0
IsInstanceOverlapped: 0
IsDontTouch: 0
HasImplIP: 0
IsGatedGlobalClock: 0

+ Individual pipeline summary: 
  * Pipeline-0: initiation interval (II) = 3, depth = 4


============================================================
+ Verbose Summary: Schedule
============================================================
* Number of FSM states : 15
* Pipeline : 1
  Pipeline-0 : II = 3, D = 4, States = { 5 6 7 8 }
* Dataflow Pipeline: 0

* FSM state transitions: 
1 --> 2 
2 --> 3 4 
3 --> 2 
4 --> 15 5 
5 --> 6 
6 --> 7 
7 --> 9 14 8 
8 --> 5 
9 --> 10 
10 --> 11 
11 --> 12 
12 --> 13 
13 --> 4 
14 --> 13 
15 --> 

* FSM state operations: 

State 1 <SV = 0> <Delay = 0.46>
ST_1 : Operation 16 [1/1] (0.00ns)   --->   "%tmp = alloca float"   --->   Operation 16 'alloca' 'tmp' <Predicate = true> <Delay = 0.00>
ST_1 : Operation 17 [1/1] (0.00ns)   --->   "%tmp_2 = alloca float"   --->   Operation 17 'alloca' 'tmp_2' <Predicate = true> <Delay = 0.00>
ST_1 : Operation 18 [1/1] (0.00ns)   --->   "%tmp_3 = alloca float"   --->   Operation 18 'alloca' 'tmp_3' <Predicate = true> <Delay = 0.00>
ST_1 : Operation 19 [1/1] (0.00ns)   --->   "%tmp_5 = alloca float"   --->   Operation 19 'alloca' 'tmp_5' <Predicate = true> <Delay = 0.00>
ST_1 : Operation 20 [1/1] (0.00ns)   --->   "%tmp_7 = alloca float"   --->   Operation 20 'alloca' 'tmp_7' <Predicate = true> <Delay = 0.00>
ST_1 : Operation 21 [1/1] (0.00ns)   --->   "%tmp_8 = alloca float"   --->   Operation 21 'alloca' 'tmp_8' <Predicate = true> <Delay = 0.00>
ST_1 : Operation 22 [1/1] (0.00ns)   --->   "%tmp_10 = alloca float"   --->   Operation 22 'alloca' 'tmp_10' <Predicate = true> <Delay = 0.00>
ST_1 : Operation 23 [1/1] (0.00ns)   --->   "%tmp_11 = alloca float"   --->   Operation 23 'alloca' 'tmp_11' <Predicate = true> <Delay = 0.00>
ST_1 : Operation 24 [1/1] (0.00ns)   --->   "%tmp_12 = alloca float"   --->   Operation 24 'alloca' 'tmp_12' <Predicate = true> <Delay = 0.00>
ST_1 : Operation 25 [1/1] (0.00ns)   --->   "%tmp_13 = alloca float"   --->   Operation 25 'alloca' 'tmp_13' <Predicate = true> <Delay = 0.00>
ST_1 : Operation 26 [1/1] (0.00ns)   --->   "%tmp_14 = alloca float"   --->   Operation 26 'alloca' 'tmp_14' <Predicate = true> <Delay = 0.00>
ST_1 : Operation 27 [1/1] (0.00ns)   --->   "%tmp_15 = alloca float"   --->   Operation 27 'alloca' 'tmp_15' <Predicate = true> <Delay = 0.00>
ST_1 : Operation 28 [1/1] (0.00ns)   --->   "%tmp_16 = alloca float"   --->   Operation 28 'alloca' 'tmp_16' <Predicate = true> <Delay = 0.00>
ST_1 : Operation 29 [1/1] (0.00ns)   --->   "call void (...)* @_ssdm_op_SpecBitsMap(float* %feature_stream_V), !map !55"   --->   Operation 29 'specbitsmap' <Predicate = true> <Delay = 0.00>
ST_1 : Operation 30 [1/1] (0.00ns)   --->   "call void (...)* @_ssdm_op_SpecBitsMap(float* %prediction_stream_V), !map !59"   --->   Operation 30 'specbitsmap' <Predicate = true> <Delay = 0.00>
ST_1 : Operation 31 [1/1] (0.00ns)   --->   "call void (...)* @_ssdm_op_SpecTopModule([17 x i8]* @predict_ensemble_str) nounwind"   --->   Operation 31 'spectopmodule' <Predicate = true> <Delay = 0.00>
ST_1 : Operation 32 [1/1] (0.00ns)   --->   "call void (...)* @_ssdm_op_SpecInterface(float* %prediction_stream_V, [5 x i8]* @p_str, i32 1, i32 1, [5 x i8]* @p_str1, i32 0, i32 0, [1 x i8]* @p_str2, [1 x i8]* @p_str2, [1 x i8]* @p_str2, i32 0, i32 0, i32 0, i32 0, [1 x i8]* @p_str2, [1 x i8]* @p_str2) nounwind" [BoostingTree/BoostingTree.cpp:11]   --->   Operation 32 'specinterface' <Predicate = true> <Delay = 0.00>
ST_1 : Operation 33 [1/1] (0.00ns)   --->   "call void (...)* @_ssdm_op_SpecInterface(float* %feature_stream_V, [5 x i8]* @p_str, i32 1, i32 1, [5 x i8]* @p_str1, i32 0, i32 0, [1 x i8]* @p_str2, [1 x i8]* @p_str2, [1 x i8]* @p_str2, i32 0, i32 0, i32 0, i32 0, [1 x i8]* @p_str2, [1 x i8]* @p_str2) nounwind" [BoostingTree/BoostingTree.cpp:12]   --->   Operation 33 'specinterface' <Predicate = true> <Delay = 0.00>
ST_1 : Operation 34 [1/1] (0.00ns)   --->   "call void (...)* @_ssdm_op_SpecInterface(i32 0, [10 x i8]* @p_str4, i32 0, i32 0, [1 x i8]* @p_str2, i32 0, i32 0, [9 x i8]* @p_str5, [1 x i8]* @p_str2, [1 x i8]* @p_str2, i32 0, i32 0, i32 0, i32 0, [1 x i8]* @p_str2, [1 x i8]* @p_str2) nounwind" [BoostingTree/BoostingTree.cpp:14]   --->   Operation 34 'specinterface' <Predicate = true> <Delay = 0.00>
ST_1 : Operation 35 [1/1] (0.46ns)   --->   "br label %branch0" [BoostingTree/BoostingTree.cpp:20]   --->   Operation 35 'br' <Predicate = true> <Delay = 0.46>

State 2 <SV = 1> <Delay = 1.76>
ST_2 : Operation 36 [1/1] (0.00ns)   --->   "%i_0 = phi i4 [ 0, %0 ], [ %i, %branch0.backedge ]"   --->   Operation 36 'phi' 'i_0' <Predicate = true> <Delay = 0.00>
ST_2 : Operation 37 [1/1] (0.96ns)   --->   "%icmp_ln20 = icmp eq i4 %i_0, -3" [BoostingTree/BoostingTree.cpp:20]   --->   Operation 37 'icmp' 'icmp_ln20' <Predicate = true> <Delay = 0.96> <Core = "Cmp">   --->   Core 25 'Cmp' <Latency = 0> <II = 1> <Delay = 0.50> <FuncUnit> <Opcode : 'icmp'> <InPorts = 2> <OutPorts = 1>
ST_2 : Operation 38 [1/1] (0.00ns)   --->   "%empty = call i32 (...)* @_ssdm_op_SpecLoopTripCount(i64 13, i64 13, i64 13)"   --->   Operation 38 'speclooptripcount' 'empty' <Predicate = true> <Delay = 0.00>
ST_2 : Operation 39 [1/1] (0.99ns)   --->   "%i = add i4 %i_0, 1" [BoostingTree/BoostingTree.cpp:20]   --->   Operation 39 'add' 'i' <Predicate = true> <Delay = 0.99> <Core = "AddSub">   --->   Core 14 'AddSub' <Latency = 0> <II = 1> <Delay = 1.31> <FuncUnit> <Opcode : 'add' 'sub'> <InPorts = 2> <OutPorts = 1>
ST_2 : Operation 40 [1/1] (0.00ns)   --->   "br i1 %icmp_ln20, label %.preheader.preheader, label %1" [BoostingTree/BoostingTree.cpp:20]   --->   Operation 40 'br' <Predicate = true> <Delay = 0.00>
ST_2 : Operation 41 [1/1] (0.00ns)   --->   "call void (...)* @_ssdm_op_SpecLoopName([13 x i8]* @p_str7) nounwind" [BoostingTree/BoostingTree.cpp:21]   --->   Operation 41 'specloopname' <Predicate = (!icmp_ln20)> <Delay = 0.00>
ST_2 : Operation 42 [1/1] (0.00ns)   --->   "%tmp_20 = call float @_ssdm_op_Read.axis.volatile.floatP(float* %feature_stream_V)" [BoostingTree/BoostingTree.cpp:22]   --->   Operation 42 'read' 'tmp_20' <Predicate = (!icmp_ln20)> <Delay = 0.00> <Core = "AXI4Stream">   --->   Core 5 'AXI4Stream' <Latency = 0> <II = 1> <Delay = 1.00> <Adapter> <Opcode : >
ST_2 : Operation 43 [1/1] (0.97ns)   --->   "switch i4 %i_0, label %branch12 [
    i4 0, label %.branch0.backedge_crit_edge
    i4 1, label %branch1
    i4 2, label %branch2
    i4 3, label %branch3
    i4 4, label %branch4
    i4 5, label %branch5
    i4 6, label %branch6
    i4 7, label %branch7
    i4 -8, label %branch8
    i4 -7, label %branch9
    i4 -6, label %branch10
    i4 -5, label %branch11
  ]" [BoostingTree/BoostingTree.cpp:22]   --->   Operation 43 'switch' <Predicate = (!icmp_ln20)> <Delay = 0.97>
ST_2 : Operation 44 [1/1] (0.00ns)   --->   "store float %tmp_20, float* %tmp_15" [BoostingTree/BoostingTree.cpp:22]   --->   Operation 44 'store' <Predicate = (!icmp_ln20 & i_0 == 11)> <Delay = 0.00>
ST_2 : Operation 45 [1/1] (0.00ns)   --->   "br label %branch0.backedge" [BoostingTree/BoostingTree.cpp:22]   --->   Operation 45 'br' <Predicate = (!icmp_ln20 & i_0 == 11)> <Delay = 0.00>
ST_2 : Operation 46 [1/1] (0.00ns)   --->   "store float %tmp_20, float* %tmp_14" [BoostingTree/BoostingTree.cpp:22]   --->   Operation 46 'store' <Predicate = (!icmp_ln20 & i_0 == 10)> <Delay = 0.00>
ST_2 : Operation 47 [1/1] (0.00ns)   --->   "br label %branch0.backedge" [BoostingTree/BoostingTree.cpp:22]   --->   Operation 47 'br' <Predicate = (!icmp_ln20 & i_0 == 10)> <Delay = 0.00>
ST_2 : Operation 48 [1/1] (0.00ns)   --->   "store float %tmp_20, float* %tmp_13" [BoostingTree/BoostingTree.cpp:22]   --->   Operation 48 'store' <Predicate = (!icmp_ln20 & i_0 == 9)> <Delay = 0.00>
ST_2 : Operation 49 [1/1] (0.00ns)   --->   "br label %branch0.backedge" [BoostingTree/BoostingTree.cpp:22]   --->   Operation 49 'br' <Predicate = (!icmp_ln20 & i_0 == 9)> <Delay = 0.00>
ST_2 : Operation 50 [1/1] (0.00ns)   --->   "store float %tmp_20, float* %tmp_12" [BoostingTree/BoostingTree.cpp:22]   --->   Operation 50 'store' <Predicate = (!icmp_ln20 & i_0 == 8)> <Delay = 0.00>
ST_2 : Operation 51 [1/1] (0.00ns)   --->   "br label %branch0.backedge" [BoostingTree/BoostingTree.cpp:22]   --->   Operation 51 'br' <Predicate = (!icmp_ln20 & i_0 == 8)> <Delay = 0.00>
ST_2 : Operation 52 [1/1] (0.00ns)   --->   "store float %tmp_20, float* %tmp_11" [BoostingTree/BoostingTree.cpp:22]   --->   Operation 52 'store' <Predicate = (!icmp_ln20 & i_0 == 7)> <Delay = 0.00>
ST_2 : Operation 53 [1/1] (0.00ns)   --->   "br label %branch0.backedge" [BoostingTree/BoostingTree.cpp:22]   --->   Operation 53 'br' <Predicate = (!icmp_ln20 & i_0 == 7)> <Delay = 0.00>
ST_2 : Operation 54 [1/1] (0.00ns)   --->   "store float %tmp_20, float* %tmp_10" [BoostingTree/BoostingTree.cpp:22]   --->   Operation 54 'store' <Predicate = (!icmp_ln20 & i_0 == 6)> <Delay = 0.00>
ST_2 : Operation 55 [1/1] (0.00ns)   --->   "br label %branch0.backedge" [BoostingTree/BoostingTree.cpp:22]   --->   Operation 55 'br' <Predicate = (!icmp_ln20 & i_0 == 6)> <Delay = 0.00>
ST_2 : Operation 56 [1/1] (0.00ns)   --->   "store float %tmp_20, float* %tmp_8" [BoostingTree/BoostingTree.cpp:22]   --->   Operation 56 'store' <Predicate = (!icmp_ln20 & i_0 == 5)> <Delay = 0.00>
ST_2 : Operation 57 [1/1] (0.00ns)   --->   "br label %branch0.backedge" [BoostingTree/BoostingTree.cpp:22]   --->   Operation 57 'br' <Predicate = (!icmp_ln20 & i_0 == 5)> <Delay = 0.00>
ST_2 : Operation 58 [1/1] (0.00ns)   --->   "store float %tmp_20, float* %tmp_7" [BoostingTree/BoostingTree.cpp:22]   --->   Operation 58 'store' <Predicate = (!icmp_ln20 & i_0 == 4)> <Delay = 0.00>
ST_2 : Operation 59 [1/1] (0.00ns)   --->   "br label %branch0.backedge" [BoostingTree/BoostingTree.cpp:22]   --->   Operation 59 'br' <Predicate = (!icmp_ln20 & i_0 == 4)> <Delay = 0.00>
ST_2 : Operation 60 [1/1] (0.00ns)   --->   "store float %tmp_20, float* %tmp_5" [BoostingTree/BoostingTree.cpp:22]   --->   Operation 60 'store' <Predicate = (!icmp_ln20 & i_0 == 3)> <Delay = 0.00>
ST_2 : Operation 61 [1/1] (0.00ns)   --->   "br label %branch0.backedge" [BoostingTree/BoostingTree.cpp:22]   --->   Operation 61 'br' <Predicate = (!icmp_ln20 & i_0 == 3)> <Delay = 0.00>
ST_2 : Operation 62 [1/1] (0.00ns)   --->   "store float %tmp_20, float* %tmp_3" [BoostingTree/BoostingTree.cpp:22]   --->   Operation 62 'store' <Predicate = (!icmp_ln20 & i_0 == 2)> <Delay = 0.00>
ST_2 : Operation 63 [1/1] (0.00ns)   --->   "br label %branch0.backedge" [BoostingTree/BoostingTree.cpp:22]   --->   Operation 63 'br' <Predicate = (!icmp_ln20 & i_0 == 2)> <Delay = 0.00>
ST_2 : Operation 64 [1/1] (0.00ns)   --->   "store float %tmp_20, float* %tmp_2" [BoostingTree/BoostingTree.cpp:22]   --->   Operation 64 'store' <Predicate = (!icmp_ln20 & i_0 == 1)> <Delay = 0.00>
ST_2 : Operation 65 [1/1] (0.00ns)   --->   "br label %branch0.backedge" [BoostingTree/BoostingTree.cpp:22]   --->   Operation 65 'br' <Predicate = (!icmp_ln20 & i_0 == 1)> <Delay = 0.00>
ST_2 : Operation 66 [1/1] (0.00ns)   --->   "store float %tmp_20, float* %tmp" [BoostingTree/BoostingTree.cpp:22]   --->   Operation 66 'store' <Predicate = (!icmp_ln20 & i_0 == 0)> <Delay = 0.00>
ST_2 : Operation 67 [1/1] (0.00ns)   --->   "br label %branch0.backedge" [BoostingTree/BoostingTree.cpp:22]   --->   Operation 67 'br' <Predicate = (!icmp_ln20 & i_0 == 0)> <Delay = 0.00>
ST_2 : Operation 68 [1/1] (0.00ns)   --->   "store float %tmp_20, float* %tmp_16" [BoostingTree/BoostingTree.cpp:22]   --->   Operation 68 'store' <Predicate = (!icmp_ln20 & i_0 == 15) | (!icmp_ln20 & i_0 == 14) | (!icmp_ln20 & i_0 == 13) | (!icmp_ln20 & i_0 == 12)> <Delay = 0.00>
ST_2 : Operation 69 [1/1] (0.00ns)   --->   "br label %branch0.backedge" [BoostingTree/BoostingTree.cpp:22]   --->   Operation 69 'br' <Predicate = (!icmp_ln20 & i_0 == 15) | (!icmp_ln20 & i_0 == 14) | (!icmp_ln20 & i_0 == 13) | (!icmp_ln20 & i_0 == 12)> <Delay = 0.00>
ST_2 : Operation 70 [1/1] (0.00ns)   --->   "%tmp_17 = alloca float"   --->   Operation 70 'alloca' 'tmp_17' <Predicate = (icmp_ln20)> <Delay = 0.00>
ST_2 : Operation 71 [1/1] (0.46ns)   --->   "store float 0.000000e+00, float* %tmp_17" [BoostingTree/BoostingTree.cpp:27]   --->   Operation 71 'store' <Predicate = (icmp_ln20)> <Delay = 0.46>
ST_2 : Operation 72 [1/1] (0.46ns)   --->   "br label %.preheader" [BoostingTree/BoostingTree.cpp:27]   --->   Operation 72 'br' <Predicate = (icmp_ln20)> <Delay = 0.46>

State 3 <SV = 2> <Delay = 0.00>
ST_3 : Operation 73 [1/1] (0.00ns)   --->   "br label %branch0"   --->   Operation 73 'br' <Predicate = true> <Delay = 0.00>

State 4 <SV = 2> <Delay = 3.59>
ST_4 : Operation 74 [1/1] (0.00ns)   --->   "%i1_0 = phi i7 [ %i_1, %Tree_Tranversal_end ], [ 0, %.preheader.preheader ]"   --->   Operation 74 'phi' 'i1_0' <Predicate = true> <Delay = 0.00>
ST_4 : Operation 75 [1/1] (1.06ns)   --->   "%icmp_ln27 = icmp eq i7 %i1_0, -64" [BoostingTree/BoostingTree.cpp:27]   --->   Operation 75 'icmp' 'icmp_ln27' <Predicate = true> <Delay = 1.06> <Core = "Cmp">   --->   Core 25 'Cmp' <Latency = 0> <II = 1> <Delay = 0.50> <FuncUnit> <Opcode : 'icmp'> <InPorts = 2> <OutPorts = 1>
ST_4 : Operation 76 [1/1] (0.00ns)   --->   "%empty_7 = call i32 (...)* @_ssdm_op_SpecLoopTripCount(i64 64, i64 64, i64 64)"   --->   Operation 76 'speclooptripcount' 'empty_7' <Predicate = true> <Delay = 0.00>
ST_4 : Operation 77 [1/1] (1.31ns)   --->   "%i_1 = add i7 %i1_0, 1" [BoostingTree/BoostingTree.cpp:27]   --->   Operation 77 'add' 'i_1' <Predicate = true> <Delay = 1.31> <Core = "AddSub">   --->   Core 14 'AddSub' <Latency = 0> <II = 1> <Delay = 1.31> <FuncUnit> <Opcode : 'add' 'sub'> <InPorts = 2> <OutPorts = 1>
ST_4 : Operation 78 [1/1] (0.00ns)   --->   "br i1 %icmp_ln27, label %4, label %Tree_Tranversal_begin" [BoostingTree/BoostingTree.cpp:27]   --->   Operation 78 'br' <Predicate = true> <Delay = 0.00>
ST_4 : Operation 79 [1/1] (0.00ns)   --->   "call void (...)* @_ssdm_op_SpecLoopName([16 x i8]* @p_str8) nounwind" [BoostingTree/BoostingTree.cpp:27]   --->   Operation 79 'specloopname' <Predicate = (!icmp_ln27)> <Delay = 0.00>
ST_4 : Operation 80 [1/1] (0.00ns)   --->   "%tmp_4 = call i32 (...)* @_ssdm_op_SpecRegionBegin([16 x i8]* @p_str8)" [BoostingTree/BoostingTree.cpp:27]   --->   Operation 80 'specregionbegin' 'tmp_4' <Predicate = (!icmp_ln27)> <Delay = 0.00>
ST_4 : Operation 81 [1/1] (0.00ns)   --->   "%lshr_ln5 = call i3 @_ssdm_op_PartSelect.i3.i7.i32.i32(i7 %i1_0, i32 4, i32 6)" [BoostingTree/Tree_Param.hpp:5->BoostingTree/BoostingTree.cpp:32]   --->   Operation 81 'partselect' 'lshr_ln5' <Predicate = (!icmp_ln27)> <Delay = 0.00>
ST_4 : Operation 82 [1/1] (0.00ns)   --->   "%trunc_ln5_1 = call i2 @_ssdm_op_PartSelect.i2.i7.i32.i32(i7 %i1_0, i32 4, i32 5)" [BoostingTree/Tree_Param.hpp:5->BoostingTree/BoostingTree.cpp:32]   --->   Operation 82 'partselect' 'trunc_ln5_1' <Predicate = (!icmp_ln27)> <Delay = 0.00>
ST_4 : Operation 83 [1/1] (0.00ns)   --->   "%zext_ln5 = zext i3 %lshr_ln5 to i32" [BoostingTree/Tree_Param.hpp:5->BoostingTree/BoostingTree.cpp:32]   --->   Operation 83 'zext' 'zext_ln5' <Predicate = (!icmp_ln27)> <Delay = 0.00>
ST_4 : Operation 84 [1/1] (0.00ns)   --->   "%trunc_ln1 = trunc i7 %i1_0 to i4" [aesl_mux_load.4[16 x [196 x i4]]P.i32.i64.i64:1->BoostingTree/Tree_Param.hpp:5->BoostingTree/BoostingTree.cpp:32]   --->   Operation 84 'trunc' 'trunc_ln1' <Predicate = (!icmp_ln27)> <Delay = 0.00>
ST_4 : Operation 85 [1/1] (0.00ns)   --->   "%zext_ln1 = zext i4 %trunc_ln1 to i12" [aesl_mux_load.4[16 x [196 x i4]]P.i32.i64.i64:1->BoostingTree/Tree_Param.hpp:5->BoostingTree/BoostingTree.cpp:32]   --->   Operation 85 'zext' 'zext_ln1' <Predicate = (!icmp_ln27)> <Delay = 0.00>
ST_4 : Operation 86 [1/1] (3.59ns)   --->   "%mul_ln1 = mul i12 196, %zext_ln1" [aesl_mux_load.4[16 x [196 x i4]]P.i32.i64.i64:1->BoostingTree/Tree_Param.hpp:5->BoostingTree/BoostingTree.cpp:32]   --->   Operation 86 'mul' 'mul_ln1' <Predicate = (!icmp_ln27)> <Delay = 3.59> <Core = "Mul">   --->   Core 16 'Mul' <Latency = 0> <II = 1> <Delay = 3.59> <FuncUnit> <Opcode : 'mul'> <InPorts = 2> <OutPorts = 1>
ST_4 : Operation 87 [1/1] (0.50ns)   --->   "%icmp_ln13 = icmp eq i2 %trunc_ln5_1, 0" [aesl_mux_load.4[16 x [196 x i1]]P.i32.i64.i64:13->BoostingTree/Tree_Param.hpp:5->BoostingTree/BoostingTree.cpp:32]   --->   Operation 87 'icmp' 'icmp_ln13' <Predicate = (!icmp_ln27)> <Delay = 0.50> <Core = "Cmp">   --->   Core 25 'Cmp' <Latency = 0> <II = 1> <Delay = 0.50> <FuncUnit> <Opcode : 'icmp'> <InPorts = 2> <OutPorts = 1>
ST_4 : Operation 88 [1/1] (0.50ns)   --->   "%icmp_ln13_1 = icmp eq i2 %trunc_ln5_1, 1" [aesl_mux_load.4[16 x [196 x i1]]P.i32.i64.i64:13->BoostingTree/Tree_Param.hpp:5->BoostingTree/BoostingTree.cpp:32]   --->   Operation 88 'icmp' 'icmp_ln13_1' <Predicate = (!icmp_ln27)> <Delay = 0.50> <Core = "Cmp">   --->   Core 25 'Cmp' <Latency = 0> <II = 1> <Delay = 0.50> <FuncUnit> <Opcode : 'icmp'> <InPorts = 2> <OutPorts = 1>
ST_4 : Operation 89 [1/1] (0.50ns)   --->   "%icmp_ln13_2 = icmp eq i2 %trunc_ln5_1, -2" [aesl_mux_load.4[16 x [196 x i1]]P.i32.i64.i64:13->BoostingTree/Tree_Param.hpp:5->BoostingTree/BoostingTree.cpp:32]   --->   Operation 89 'icmp' 'icmp_ln13_2' <Predicate = (!icmp_ln27)> <Delay = 0.50> <Core = "Cmp">   --->   Core 25 'Cmp' <Latency = 0> <II = 1> <Delay = 0.50> <FuncUnit> <Opcode : 'icmp'> <InPorts = 2> <OutPorts = 1>
ST_4 : Operation 90 [1/1] (0.80ns)   --->   "%or_ln13 = or i1 %icmp_ln13_2, %icmp_ln13_1" [aesl_mux_load.4[16 x [196 x i1]]P.i32.i64.i64:13->BoostingTree/Tree_Param.hpp:5->BoostingTree/BoostingTree.cpp:32]   --->   Operation 90 'or' 'or_ln13' <Predicate = (!icmp_ln27)> <Delay = 0.80> <Core = "LogicGate">   --->   Core 27 'LogicGate' <Latency = 0> <II = 1> <Delay = 0.80> <FuncUnit> <Opcode : 'and' 'or' 'xor'> <InPorts = 2> <OutPorts = 1>
ST_4 : Operation 91 [1/1] (0.46ns)   --->   "br label %2" [BoostingTree/BoostingTree.cpp:30]   --->   Operation 91 'br' <Predicate = (!icmp_ln27)> <Delay = 0.46>
ST_4 : Operation 92 [1/1] (0.00ns)   --->   "%tmp_17_load = load float* %tmp_17" [BoostingTree/BoostingTree.cpp:44]   --->   Operation 92 'load' 'tmp_17_load' <Predicate = (icmp_ln27)> <Delay = 0.00>
ST_4 : Operation 93 [2/2] (0.00ns)   --->   "call void @_ssdm_op_Write.axis.volatile.floatP(float* %prediction_stream_V, float %tmp_17_load)" [BoostingTree/BoostingTree.cpp:44]   --->   Operation 93 'write' <Predicate = (icmp_ln27)> <Delay = 0.00> <Core = "AXI4Stream">   --->   Core 5 'AXI4Stream' <Latency = 0> <II = 1> <Delay = 1.00> <Adapter> <Opcode : >

State 5 <SV = 3> <Delay = 4.31>
ST_5 : Operation 94 [1/1] (0.00ns)   --->   "%curren_0 = phi i8 [ 0, %Tree_Tranversal_begin ], [ %select_ln39, %LOOP_TREE_DEPTH_end ]" [BoostingTree/BoostingTree.cpp:39]   --->   Operation 94 'phi' 'curren_0' <Predicate = true> <Delay = 0.00>
ST_5 : Operation 95 [1/1] (0.00ns)   --->   "%depth_0 = phi i8 [ 0, %Tree_Tranversal_begin ], [ %depth, %LOOP_TREE_DEPTH_end ]"   --->   Operation 95 'phi' 'depth_0' <Predicate = true> <Delay = 0.00>
ST_5 : Operation 96 [1/1] (1.31ns)   --->   "%icmp_ln30 = icmp eq i8 %depth_0, -60" [BoostingTree/BoostingTree.cpp:30]   --->   Operation 96 'icmp' 'icmp_ln30' <Predicate = true> <Delay = 1.31> <Core = "Cmp">   --->   Core 25 'Cmp' <Latency = 0> <II = 1> <Delay = 0.50> <FuncUnit> <Opcode : 'icmp'> <InPorts = 2> <OutPorts = 1>
ST_5 : Operation 97 [1/1] (0.00ns)   --->   "%empty_8 = call i32 (...)* @_ssdm_op_SpecLoopTripCount(i64 1, i64 196, i64 98)"   --->   Operation 97 'speclooptripcount' 'empty_8' <Predicate = true> <Delay = 0.00>
ST_5 : Operation 98 [1/1] (1.30ns)   --->   "%depth = add i8 %depth_0, 1" [BoostingTree/BoostingTree.cpp:30]   --->   Operation 98 'add' 'depth' <Predicate = true> <Delay = 1.30> <Core = "AddSub">   --->   Core 14 'AddSub' <Latency = 0> <II = 1> <Delay = 1.31> <FuncUnit> <Opcode : 'add' 'sub'> <InPorts = 2> <OutPorts = 1>
ST_5 : Operation 99 [1/1] (0.00ns)   --->   "br i1 %icmp_ln30, label %Tree_Tranversal_end.loopexit, label %LOOP_TREE_DEPTH_begin" [BoostingTree/BoostingTree.cpp:30]   --->   Operation 99 'br' <Predicate = true> <Delay = 0.00>
ST_5 : Operation 100 [1/1] (0.00ns)   --->   "%zext_ln1_1 = zext i8 %curren_0 to i12" [aesl_mux_load.4[16 x [196 x i4]]P.i32.i64.i64:1->BoostingTree/Tree_Param.hpp:5->BoostingTree/BoostingTree.cpp:32]   --->   Operation 100 'zext' 'zext_ln1_1' <Predicate = (!icmp_ln30)> <Delay = 0.00>
ST_5 : Operation 101 [1/1] (1.54ns)   --->   "%add_ln1 = add i12 %mul_ln1, %zext_ln1_1" [aesl_mux_load.4[16 x [196 x i4]]P.i32.i64.i64:1->BoostingTree/Tree_Param.hpp:5->BoostingTree/BoostingTree.cpp:32]   --->   Operation 101 'add' 'add_ln1' <Predicate = (!icmp_ln30)> <Delay = 1.54> <Core = "AddSub">   --->   Core 14 'AddSub' <Latency = 0> <II = 1> <Delay = 1.31> <FuncUnit> <Opcode : 'add' 'sub'> <InPorts = 2> <OutPorts = 1>
ST_5 : Operation 102 [1/1] (0.00ns)   --->   "%zext_ln1_2 = zext i12 %add_ln1 to i64" [aesl_mux_load.4[16 x [196 x i4]]P.i32.i64.i64:1->BoostingTree/Tree_Param.hpp:5->BoostingTree/BoostingTree.cpp:32]   --->   Operation 102 'zext' 'zext_ln1_2' <Predicate = (!icmp_ln30)> <Delay = 0.00>
ST_5 : Operation 103 [1/1] (0.00ns)   --->   "%LBoostTree_feature_i_4 = getelementptr [3136 x i4]* @LBoostTree_feature_i_3, i64 0, i64 %zext_ln1_2" [aesl_mux_load.4[16 x [196 x i4]]P.i32.i64.i64:1->BoostingTree/Tree_Param.hpp:5->BoostingTree/BoostingTree.cpp:32]   --->   Operation 103 'getelementptr' 'LBoostTree_feature_i_4' <Predicate = (!icmp_ln30 & icmp_ln13 & !or_ln13)> <Delay = 0.00>
ST_5 : Operation 104 [1/1] (0.00ns)   --->   "%LBoostTree_feature_i_5 = getelementptr [3136 x i4]* @LBoostTree_feature_i_2, i64 0, i64 %zext_ln1_2" [aesl_mux_load.4[16 x [196 x i4]]P.i32.i64.i64:4->BoostingTree/Tree_Param.hpp:5->BoostingTree/BoostingTree.cpp:32]   --->   Operation 104 'getelementptr' 'LBoostTree_feature_i_5' <Predicate = (!icmp_ln30 & !icmp_ln13_2 & or_ln13)> <Delay = 0.00>
ST_5 : Operation 105 [1/1] (0.00ns)   --->   "%LBoostTree_feature_i_6 = getelementptr [3136 x i4]* @LBoostTree_feature_i_1, i64 0, i64 %zext_ln1_2" [aesl_mux_load.4[16 x [196 x i4]]P.i32.i64.i64:7->BoostingTree/Tree_Param.hpp:5->BoostingTree/BoostingTree.cpp:32]   --->   Operation 105 'getelementptr' 'LBoostTree_feature_i_6' <Predicate = (!icmp_ln30 & icmp_ln13_2 & or_ln13)> <Delay = 0.00>
ST_5 : Operation 106 [1/1] (0.00ns)   --->   "%LBoostTree_feature_i_7 = getelementptr [3136 x i4]* @LBoostTree_feature_i, i64 0, i64 %zext_ln1_2" [aesl_mux_load.4[16 x [196 x i4]]P.i32.i64.i64:10->BoostingTree/Tree_Param.hpp:5->BoostingTree/BoostingTree.cpp:32]   --->   Operation 106 'getelementptr' 'LBoostTree_feature_i_7' <Predicate = (!icmp_ln30 & !icmp_ln13 & !or_ln13)> <Delay = 0.00>
ST_5 : Operation 107 [1/1] (0.00ns)   --->   "%LBoostTree_left_chil_4 = getelementptr [3136 x i8]* @LBoostTree_left_chil_3, i64 0, i64 %zext_ln1_2" [BoostingTree/Tree_Param.hpp:5->BoostingTree/BoostingTree.cpp:32]   --->   Operation 107 'getelementptr' 'LBoostTree_left_chil_4' <Predicate = (!icmp_ln30)> <Delay = 0.00>
ST_5 : Operation 108 [1/1] (0.00ns)   --->   "%LBoostTree_left_chil_5 = getelementptr [3136 x i8]* @LBoostTree_left_chil_2, i64 0, i64 %zext_ln1_2" [BoostingTree/Tree_Param.hpp:5->BoostingTree/BoostingTree.cpp:32]   --->   Operation 108 'getelementptr' 'LBoostTree_left_chil_5' <Predicate = (!icmp_ln30)> <Delay = 0.00>
ST_5 : Operation 109 [1/1] (0.00ns)   --->   "%LBoostTree_left_chil_6 = getelementptr [3136 x i8]* @LBoostTree_left_chil_1, i64 0, i64 %zext_ln1_2" [BoostingTree/Tree_Param.hpp:5->BoostingTree/BoostingTree.cpp:32]   --->   Operation 109 'getelementptr' 'LBoostTree_left_chil_6' <Predicate = (!icmp_ln30)> <Delay = 0.00>
ST_5 : Operation 110 [1/1] (0.00ns)   --->   "%LBoostTree_left_chil_7 = getelementptr [3136 x i8]* @LBoostTree_left_chil, i64 0, i64 %zext_ln1_2" [BoostingTree/Tree_Param.hpp:5->BoostingTree/BoostingTree.cpp:32]   --->   Operation 110 'getelementptr' 'LBoostTree_left_chil_7' <Predicate = (!icmp_ln30)> <Delay = 0.00>
ST_5 : Operation 111 [1/1] (0.00ns)   --->   "%LBoostTree_right_chi_4 = getelementptr [3136 x i8]* @LBoostTree_right_chi_3, i64 0, i64 %zext_ln1_2" [BoostingTree/Tree_Param.hpp:5->BoostingTree/BoostingTree.cpp:32]   --->   Operation 111 'getelementptr' 'LBoostTree_right_chi_4' <Predicate = (!icmp_ln30)> <Delay = 0.00>
ST_5 : Operation 112 [1/1] (0.00ns)   --->   "%LBoostTree_right_chi_5 = getelementptr [3136 x i8]* @LBoostTree_right_chi_2, i64 0, i64 %zext_ln1_2" [BoostingTree/Tree_Param.hpp:5->BoostingTree/BoostingTree.cpp:32]   --->   Operation 112 'getelementptr' 'LBoostTree_right_chi_5' <Predicate = (!icmp_ln30)> <Delay = 0.00>
ST_5 : Operation 113 [1/1] (0.00ns)   --->   "%LBoostTree_right_chi_6 = getelementptr [3136 x i8]* @LBoostTree_right_chi_1, i64 0, i64 %zext_ln1_2" [BoostingTree/Tree_Param.hpp:5->BoostingTree/BoostingTree.cpp:32]   --->   Operation 113 'getelementptr' 'LBoostTree_right_chi_6' <Predicate = (!icmp_ln30)> <Delay = 0.00>
ST_5 : Operation 114 [1/1] (0.00ns)   --->   "%LBoostTree_right_chi_7 = getelementptr [3136 x i8]* @LBoostTree_right_chi, i64 0, i64 %zext_ln1_2" [BoostingTree/Tree_Param.hpp:5->BoostingTree/BoostingTree.cpp:32]   --->   Operation 114 'getelementptr' 'LBoostTree_right_chi_7' <Predicate = (!icmp_ln30)> <Delay = 0.00>
ST_5 : Operation 115 [1/1] (0.00ns)   --->   "%LBoostTree_value_0_a = getelementptr [3136 x float]* @LBoostTree_value_0, i64 0, i64 %zext_ln1_2" [aesl_mux_load.4[16 x [196 x float]]P.i32.i64.i64:1->BoostingTree/Tree_Param.hpp:5->BoostingTree/BoostingTree.cpp:32]   --->   Operation 115 'getelementptr' 'LBoostTree_value_0_a' <Predicate = (!icmp_ln30 & !icmp_ln13_2 & icmp_ln13 & !icmp_ln13_1)> <Delay = 0.00>
ST_5 : Operation 116 [1/1] (0.00ns)   --->   "%LBoostTree_value_1_a = getelementptr [3136 x float]* @LBoostTree_value_1, i64 0, i64 %zext_ln1_2" [aesl_mux_load.4[16 x [196 x float]]P.i32.i64.i64:4->BoostingTree/Tree_Param.hpp:5->BoostingTree/BoostingTree.cpp:32]   --->   Operation 116 'getelementptr' 'LBoostTree_value_1_a' <Predicate = (!icmp_ln30 & !icmp_ln13_2 & icmp_ln13_1)> <Delay = 0.00>
ST_5 : Operation 117 [1/1] (0.00ns)   --->   "%LBoostTree_value_2_a = getelementptr [3136 x float]* @LBoostTree_value_2, i64 0, i64 %zext_ln1_2" [aesl_mux_load.4[16 x [196 x float]]P.i32.i64.i64:7->BoostingTree/Tree_Param.hpp:5->BoostingTree/BoostingTree.cpp:32]   --->   Operation 117 'getelementptr' 'LBoostTree_value_2_a' <Predicate = (!icmp_ln30 & icmp_ln13_2)> <Delay = 0.00>
ST_5 : Operation 118 [1/1] (0.00ns)   --->   "%LBoostTree_value_3_a = getelementptr [3136 x float]* @LBoostTree_value_3, i64 0, i64 %zext_ln1_2" [aesl_mux_load.4[16 x [196 x float]]P.i32.i64.i64:10->BoostingTree/Tree_Param.hpp:5->BoostingTree/BoostingTree.cpp:32]   --->   Operation 118 'getelementptr' 'LBoostTree_value_3_a' <Predicate = (!icmp_ln30 & !icmp_ln13_2 & !icmp_ln13 & !icmp_ln13_1)> <Delay = 0.00>
ST_5 : Operation 119 [2/2] (2.77ns)   --->   "%LBoostTree_feature_i_8 = load i4* %LBoostTree_feature_i_7, align 1" [aesl_mux_load.4[16 x [196 x i4]]P.i32.i64.i64:11->BoostingTree/Tree_Param.hpp:5->BoostingTree/BoostingTree.cpp:32]   --->   Operation 119 'load' 'LBoostTree_feature_i_8' <Predicate = (!icmp_ln30 & !icmp_ln13 & !or_ln13)> <Delay = 2.77> <Core = "ROM_nP">   --->   Core 52 'ROM_nP' <Latency = 1> <II = 1> <Delay = 2.77> <Storage> <Opcode : 'load'> <Ports = 0> <Width = 8> <Depth = 3136> <ROM>
ST_5 : Operation 120 [2/2] (2.77ns)   --->   "%LBoostTree_feature_i_9 = load i4* %LBoostTree_feature_i_4, align 1" [aesl_mux_load.4[16 x [196 x i4]]P.i32.i64.i64:2->BoostingTree/Tree_Param.hpp:5->BoostingTree/BoostingTree.cpp:32]   --->   Operation 120 'load' 'LBoostTree_feature_i_9' <Predicate = (!icmp_ln30 & icmp_ln13 & !or_ln13)> <Delay = 2.77> <Core = "ROM_nP">   --->   Core 52 'ROM_nP' <Latency = 1> <II = 1> <Delay = 2.77> <Storage> <Opcode : 'load'> <Ports = 0> <Width = 8> <Depth = 3136> <ROM>
ST_5 : Operation 121 [2/2] (2.77ns)   --->   "%LBoostTree_feature_i_10 = load i4* %LBoostTree_feature_i_5, align 1" [aesl_mux_load.4[16 x [196 x i4]]P.i32.i64.i64:5->BoostingTree/Tree_Param.hpp:5->BoostingTree/BoostingTree.cpp:32]   --->   Operation 121 'load' 'LBoostTree_feature_i_10' <Predicate = (!icmp_ln30 & !icmp_ln13_2 & or_ln13)> <Delay = 2.77> <Core = "ROM_nP">   --->   Core 52 'ROM_nP' <Latency = 1> <II = 1> <Delay = 2.77> <Storage> <Opcode : 'load'> <Ports = 0> <Width = 8> <Depth = 3136> <ROM>
ST_5 : Operation 122 [2/2] (2.77ns)   --->   "%LBoostTree_feature_i_11 = load i4* %LBoostTree_feature_i_6, align 1" [aesl_mux_load.4[16 x [196 x i4]]P.i32.i64.i64:8->BoostingTree/Tree_Param.hpp:5->BoostingTree/BoostingTree.cpp:32]   --->   Operation 122 'load' 'LBoostTree_feature_i_11' <Predicate = (!icmp_ln30 & icmp_ln13_2 & or_ln13)> <Delay = 2.77> <Core = "ROM_nP">   --->   Core 52 'ROM_nP' <Latency = 1> <II = 1> <Delay = 2.77> <Storage> <Opcode : 'load'> <Ports = 0> <Width = 8> <Depth = 3136> <ROM>
ST_5 : Operation 123 [2/2] (2.77ns)   --->   "%LBoostTree_value_3_l = load float* %LBoostTree_value_3_a, align 4" [aesl_mux_load.4[16 x [196 x float]]P.i32.i64.i64:11->BoostingTree/Tree_Param.hpp:5->BoostingTree/BoostingTree.cpp:32]   --->   Operation 123 'load' 'LBoostTree_value_3_l' <Predicate = (!icmp_ln30 & !icmp_ln13_2 & !icmp_ln13 & !icmp_ln13_1)> <Delay = 2.77> <Core = "ROM_nP">   --->   Core 52 'ROM_nP' <Latency = 1> <II = 1> <Delay = 2.77> <Storage> <Opcode : 'load'> <Ports = 0> <Width = 8> <Depth = 3136> <ROM>
ST_5 : Operation 124 [2/2] (2.77ns)   --->   "%LBoostTree_value_0_l = load float* %LBoostTree_value_0_a, align 4" [aesl_mux_load.4[16 x [196 x float]]P.i32.i64.i64:2->BoostingTree/Tree_Param.hpp:5->BoostingTree/BoostingTree.cpp:32]   --->   Operation 124 'load' 'LBoostTree_value_0_l' <Predicate = (!icmp_ln30 & !icmp_ln13_2 & icmp_ln13 & !icmp_ln13_1)> <Delay = 2.77> <Core = "ROM_nP">   --->   Core 52 'ROM_nP' <Latency = 1> <II = 1> <Delay = 2.77> <Storage> <Opcode : 'load'> <Ports = 0> <Width = 8> <Depth = 3136> <ROM>
ST_5 : Operation 125 [2/2] (2.77ns)   --->   "%LBoostTree_value_1_l = load float* %LBoostTree_value_1_a, align 4" [aesl_mux_load.4[16 x [196 x float]]P.i32.i64.i64:5->BoostingTree/Tree_Param.hpp:5->BoostingTree/BoostingTree.cpp:32]   --->   Operation 125 'load' 'LBoostTree_value_1_l' <Predicate = (!icmp_ln30 & !icmp_ln13_2 & icmp_ln13_1)> <Delay = 2.77> <Core = "ROM_nP">   --->   Core 52 'ROM_nP' <Latency = 1> <II = 1> <Delay = 2.77> <Storage> <Opcode : 'load'> <Ports = 0> <Width = 8> <Depth = 3136> <ROM>
ST_5 : Operation 126 [2/2] (2.77ns)   --->   "%LBoostTree_value_2_l = load float* %LBoostTree_value_2_a, align 4" [aesl_mux_load.4[16 x [196 x float]]P.i32.i64.i64:8->BoostingTree/Tree_Param.hpp:5->BoostingTree/BoostingTree.cpp:32]   --->   Operation 126 'load' 'LBoostTree_value_2_l' <Predicate = (!icmp_ln30 & icmp_ln13_2)> <Delay = 2.77> <Core = "ROM_nP">   --->   Core 52 'ROM_nP' <Latency = 1> <II = 1> <Delay = 2.77> <Storage> <Opcode : 'load'> <Ports = 0> <Width = 8> <Depth = 3136> <ROM>
ST_5 : Operation 127 [2/2] (2.77ns)   --->   "%LBoostTree_left_chil_8 = load i8* %LBoostTree_left_chil_4, align 1" [BoostingTree/Tree_Param.hpp:5->BoostingTree/BoostingTree.cpp:32]   --->   Operation 127 'load' 'LBoostTree_left_chil_8' <Predicate = (!icmp_ln30)> <Delay = 2.77> <Core = "ROM_nP">   --->   Core 52 'ROM_nP' <Latency = 1> <II = 1> <Delay = 2.77> <Storage> <Opcode : 'load'> <Ports = 0> <Width = 8> <Depth = 3136> <ROM>
ST_5 : Operation 128 [2/2] (2.77ns)   --->   "%LBoostTree_left_chil_9 = load i8* %LBoostTree_left_chil_5, align 1" [BoostingTree/Tree_Param.hpp:5->BoostingTree/BoostingTree.cpp:32]   --->   Operation 128 'load' 'LBoostTree_left_chil_9' <Predicate = (!icmp_ln30)> <Delay = 2.77> <Core = "ROM_nP">   --->   Core 52 'ROM_nP' <Latency = 1> <II = 1> <Delay = 2.77> <Storage> <Opcode : 'load'> <Ports = 0> <Width = 8> <Depth = 3136> <ROM>
ST_5 : Operation 129 [2/2] (2.77ns)   --->   "%LBoostTree_left_chil_10 = load i8* %LBoostTree_left_chil_6, align 1" [BoostingTree/Tree_Param.hpp:5->BoostingTree/BoostingTree.cpp:32]   --->   Operation 129 'load' 'LBoostTree_left_chil_10' <Predicate = (!icmp_ln30)> <Delay = 2.77> <Core = "ROM_nP">   --->   Core 52 'ROM_nP' <Latency = 1> <II = 1> <Delay = 2.77> <Storage> <Opcode : 'load'> <Ports = 0> <Width = 8> <Depth = 3136> <ROM>
ST_5 : Operation 130 [2/2] (2.77ns)   --->   "%LBoostTree_left_chil_11 = load i8* %LBoostTree_left_chil_7, align 1" [BoostingTree/Tree_Param.hpp:5->BoostingTree/BoostingTree.cpp:32]   --->   Operation 130 'load' 'LBoostTree_left_chil_11' <Predicate = (!icmp_ln30)> <Delay = 2.77> <Core = "ROM_nP">   --->   Core 52 'ROM_nP' <Latency = 1> <II = 1> <Delay = 2.77> <Storage> <Opcode : 'load'> <Ports = 0> <Width = 8> <Depth = 3136> <ROM>
ST_5 : Operation 131 [2/2] (2.77ns)   --->   "%LBoostTree_right_chi_8 = load i8* %LBoostTree_right_chi_4, align 1" [BoostingTree/Tree_Param.hpp:5->BoostingTree/BoostingTree.cpp:32]   --->   Operation 131 'load' 'LBoostTree_right_chi_8' <Predicate = (!icmp_ln30)> <Delay = 2.77> <Core = "ROM_nP">   --->   Core 52 'ROM_nP' <Latency = 1> <II = 1> <Delay = 2.77> <Storage> <Opcode : 'load'> <Ports = 0> <Width = 8> <Depth = 3136> <ROM>
ST_5 : Operation 132 [2/2] (2.77ns)   --->   "%LBoostTree_right_chi_9 = load i8* %LBoostTree_right_chi_5, align 1" [BoostingTree/Tree_Param.hpp:5->BoostingTree/BoostingTree.cpp:32]   --->   Operation 132 'load' 'LBoostTree_right_chi_9' <Predicate = (!icmp_ln30)> <Delay = 2.77> <Core = "ROM_nP">   --->   Core 52 'ROM_nP' <Latency = 1> <II = 1> <Delay = 2.77> <Storage> <Opcode : 'load'> <Ports = 0> <Width = 8> <Depth = 3136> <ROM>
ST_5 : Operation 133 [2/2] (2.77ns)   --->   "%LBoostTree_right_chi_10 = load i8* %LBoostTree_right_chi_6, align 1" [BoostingTree/Tree_Param.hpp:5->BoostingTree/BoostingTree.cpp:32]   --->   Operation 133 'load' 'LBoostTree_right_chi_10' <Predicate = (!icmp_ln30)> <Delay = 2.77> <Core = "ROM_nP">   --->   Core 52 'ROM_nP' <Latency = 1> <II = 1> <Delay = 2.77> <Storage> <Opcode : 'load'> <Ports = 0> <Width = 8> <Depth = 3136> <ROM>
ST_5 : Operation 134 [2/2] (2.77ns)   --->   "%LBoostTree_right_chi_11 = load i8* %LBoostTree_right_chi_7, align 1" [BoostingTree/Tree_Param.hpp:5->BoostingTree/BoostingTree.cpp:32]   --->   Operation 134 'load' 'LBoostTree_right_chi_11' <Predicate = (!icmp_ln30)> <Delay = 2.77> <Core = "ROM_nP">   --->   Core 52 'ROM_nP' <Latency = 1> <II = 1> <Delay = 2.77> <Storage> <Opcode : 'load'> <Ports = 0> <Width = 8> <Depth = 3136> <ROM>

State 6 <SV = 4> <Delay = 4.44>
ST_6 : Operation 135 [1/1] (0.00ns)   --->   "%LBoostTree_is_leaf_0_1 = getelementptr [3136 x i1]* @LBoostTree_is_leaf_0, i64 0, i64 %zext_ln1_2" [aesl_mux_load.4[16 x [196 x i1]]P.i32.i64.i64:1->BoostingTree/Tree_Param.hpp:5->BoostingTree/BoostingTree.cpp:32]   --->   Operation 135 'getelementptr' 'LBoostTree_is_leaf_0_1' <Predicate = (!icmp_ln30 & icmp_ln13 & !or_ln13)> <Delay = 0.00>
ST_6 : Operation 136 [1/1] (0.00ns)   --->   "%LBoostTree_is_leaf_1_1 = getelementptr [3136 x i1]* @LBoostTree_is_leaf_1, i64 0, i64 %zext_ln1_2" [aesl_mux_load.4[16 x [196 x i1]]P.i32.i64.i64:4->BoostingTree/Tree_Param.hpp:5->BoostingTree/BoostingTree.cpp:32]   --->   Operation 136 'getelementptr' 'LBoostTree_is_leaf_1_1' <Predicate = (!icmp_ln30 & !icmp_ln13_2 & or_ln13)> <Delay = 0.00>
ST_6 : Operation 137 [1/1] (0.00ns)   --->   "%LBoostTree_is_leaf_2_1 = getelementptr [3136 x i1]* @LBoostTree_is_leaf_2, i64 0, i64 %zext_ln1_2" [aesl_mux_load.4[16 x [196 x i1]]P.i32.i64.i64:7->BoostingTree/Tree_Param.hpp:5->BoostingTree/BoostingTree.cpp:32]   --->   Operation 137 'getelementptr' 'LBoostTree_is_leaf_2_1' <Predicate = (!icmp_ln30 & icmp_ln13_2 & or_ln13)> <Delay = 0.00>
ST_6 : Operation 138 [1/1] (0.00ns)   --->   "%LBoostTree_is_leaf_3_1 = getelementptr [3136 x i1]* @LBoostTree_is_leaf_3, i64 0, i64 %zext_ln1_2" [aesl_mux_load.4[16 x [196 x i1]]P.i32.i64.i64:10->BoostingTree/Tree_Param.hpp:5->BoostingTree/BoostingTree.cpp:32]   --->   Operation 138 'getelementptr' 'LBoostTree_is_leaf_3_1' <Predicate = (!icmp_ln30 & !icmp_ln13 & !or_ln13)> <Delay = 0.00>
ST_6 : Operation 139 [2/2] (2.77ns)   --->   "%LBoostTree_is_leaf_3_2 = load i1* %LBoostTree_is_leaf_3_1, align 1" [aesl_mux_load.4[16 x [196 x i1]]P.i32.i64.i64:11->BoostingTree/Tree_Param.hpp:5->BoostingTree/BoostingTree.cpp:32]   --->   Operation 139 'load' 'LBoostTree_is_leaf_3_2' <Predicate = (!icmp_ln30 & !icmp_ln13 & !or_ln13)> <Delay = 2.77> <Core = "ROM_nP">   --->   Core 52 'ROM_nP' <Latency = 1> <II = 1> <Delay = 2.77> <Storage> <Opcode : 'load'> <Ports = 0> <Width = 8> <Depth = 3136> <ROM>
ST_6 : Operation 140 [2/2] (2.77ns)   --->   "%LBoostTree_is_leaf_0_2 = load i1* %LBoostTree_is_leaf_0_1, align 1" [aesl_mux_load.4[16 x [196 x i1]]P.i32.i64.i64:2->BoostingTree/Tree_Param.hpp:5->BoostingTree/BoostingTree.cpp:32]   --->   Operation 140 'load' 'LBoostTree_is_leaf_0_2' <Predicate = (!icmp_ln30 & icmp_ln13 & !or_ln13)> <Delay = 2.77> <Core = "ROM_nP">   --->   Core 52 'ROM_nP' <Latency = 1> <II = 1> <Delay = 2.77> <Storage> <Opcode : 'load'> <Ports = 0> <Width = 8> <Depth = 3136> <ROM>
ST_6 : Operation 141 [2/2] (2.77ns)   --->   "%LBoostTree_is_leaf_1_2 = load i1* %LBoostTree_is_leaf_1_1, align 1" [aesl_mux_load.4[16 x [196 x i1]]P.i32.i64.i64:5->BoostingTree/Tree_Param.hpp:5->BoostingTree/BoostingTree.cpp:32]   --->   Operation 141 'load' 'LBoostTree_is_leaf_1_2' <Predicate = (!icmp_ln30 & !icmp_ln13_2 & or_ln13)> <Delay = 2.77> <Core = "ROM_nP">   --->   Core 52 'ROM_nP' <Latency = 1> <II = 1> <Delay = 2.77> <Storage> <Opcode : 'load'> <Ports = 0> <Width = 8> <Depth = 3136> <ROM>
ST_6 : Operation 142 [2/2] (2.77ns)   --->   "%LBoostTree_is_leaf_2_2 = load i1* %LBoostTree_is_leaf_2_1, align 1" [aesl_mux_load.4[16 x [196 x i1]]P.i32.i64.i64:8->BoostingTree/Tree_Param.hpp:5->BoostingTree/BoostingTree.cpp:32]   --->   Operation 142 'load' 'LBoostTree_is_leaf_2_2' <Predicate = (!icmp_ln30 & icmp_ln13_2 & or_ln13)> <Delay = 2.77> <Core = "ROM_nP">   --->   Core 52 'ROM_nP' <Latency = 1> <II = 1> <Delay = 2.77> <Storage> <Opcode : 'load'> <Ports = 0> <Width = 8> <Depth = 3136> <ROM>
ST_6 : Operation 143 [1/2] (2.77ns)   --->   "%LBoostTree_feature_i_8 = load i4* %LBoostTree_feature_i_7, align 1" [aesl_mux_load.4[16 x [196 x i4]]P.i32.i64.i64:11->BoostingTree/Tree_Param.hpp:5->BoostingTree/BoostingTree.cpp:32]   --->   Operation 143 'load' 'LBoostTree_feature_i_8' <Predicate = (!icmp_ln30 & !icmp_ln13 & !or_ln13)> <Delay = 2.77> <Core = "ROM_nP">   --->   Core 52 'ROM_nP' <Latency = 1> <II = 1> <Delay = 2.77> <Storage> <Opcode : 'load'> <Ports = 0> <Width = 8> <Depth = 3136> <ROM>
ST_6 : Operation 144 [1/2] (2.77ns)   --->   "%LBoostTree_feature_i_9 = load i4* %LBoostTree_feature_i_4, align 1" [aesl_mux_load.4[16 x [196 x i4]]P.i32.i64.i64:2->BoostingTree/Tree_Param.hpp:5->BoostingTree/BoostingTree.cpp:32]   --->   Operation 144 'load' 'LBoostTree_feature_i_9' <Predicate = (!icmp_ln30 & icmp_ln13 & !or_ln13)> <Delay = 2.77> <Core = "ROM_nP">   --->   Core 52 'ROM_nP' <Latency = 1> <II = 1> <Delay = 2.77> <Storage> <Opcode : 'load'> <Ports = 0> <Width = 8> <Depth = 3136> <ROM>
ST_6 : Operation 145 [1/2] (2.77ns)   --->   "%LBoostTree_feature_i_10 = load i4* %LBoostTree_feature_i_5, align 1" [aesl_mux_load.4[16 x [196 x i4]]P.i32.i64.i64:5->BoostingTree/Tree_Param.hpp:5->BoostingTree/BoostingTree.cpp:32]   --->   Operation 145 'load' 'LBoostTree_feature_i_10' <Predicate = (!icmp_ln30 & !icmp_ln13_2 & or_ln13)> <Delay = 2.77> <Core = "ROM_nP">   --->   Core 52 'ROM_nP' <Latency = 1> <II = 1> <Delay = 2.77> <Storage> <Opcode : 'load'> <Ports = 0> <Width = 8> <Depth = 3136> <ROM>
ST_6 : Operation 146 [1/2] (2.77ns)   --->   "%LBoostTree_feature_i_11 = load i4* %LBoostTree_feature_i_6, align 1" [aesl_mux_load.4[16 x [196 x i4]]P.i32.i64.i64:8->BoostingTree/Tree_Param.hpp:5->BoostingTree/BoostingTree.cpp:32]   --->   Operation 146 'load' 'LBoostTree_feature_i_11' <Predicate = (!icmp_ln30 & icmp_ln13_2 & or_ln13)> <Delay = 2.77> <Core = "ROM_nP">   --->   Core 52 'ROM_nP' <Latency = 1> <II = 1> <Delay = 2.77> <Storage> <Opcode : 'load'> <Ports = 0> <Width = 8> <Depth = 3136> <ROM>
ST_6 : Operation 147 [1/1] (0.00ns) (grouped into LUT with out node node_feature_index_V)   --->   "%select_ln13_3 = select i1 %icmp_ln13_2, i4 %LBoostTree_feature_i_11, i4 %LBoostTree_feature_i_10" [aesl_mux_load.4[16 x [196 x i4]]P.i32.i64.i64:13->BoostingTree/Tree_Param.hpp:5->BoostingTree/BoostingTree.cpp:32]   --->   Operation 147 'select' 'select_ln13_3' <Predicate = (!icmp_ln30 & or_ln13)> <Delay = 0.00> <Core = "Sel">   --->   Core 26 'Sel' <Latency = 0> <II = 1> <Delay = 0.44> <FuncUnit> <Opcode : 'select'> <InPorts = 3> <OutPorts = 1>
ST_6 : Operation 148 [1/1] (0.83ns) (out node of the LUT)   --->   "%select_ln13_4 = select i1 %icmp_ln13, i4 %LBoostTree_feature_i_9, i4 %LBoostTree_feature_i_8" [aesl_mux_load.4[16 x [196 x i4]]P.i32.i64.i64:13->BoostingTree/Tree_Param.hpp:5->BoostingTree/BoostingTree.cpp:32]   --->   Operation 148 'select' 'select_ln13_4' <Predicate = (!icmp_ln30 & !or_ln13)> <Delay = 0.83> <Core = "Sel">   --->   Core 26 'Sel' <Latency = 0> <II = 1> <Delay = 0.44> <FuncUnit> <Opcode : 'select'> <InPorts = 3> <OutPorts = 1>
ST_6 : Operation 149 [1/1] (0.83ns) (out node of the LUT)   --->   "%node_feature_index_V = select i1 %or_ln13, i4 %select_ln13_3, i4 %select_ln13_4" [aesl_mux_load.4[16 x [196 x i4]]P.i32.i64.i64:13->BoostingTree/Tree_Param.hpp:5->BoostingTree/BoostingTree.cpp:32]   --->   Operation 149 'select' 'node_feature_index_V' <Predicate = (!icmp_ln30)> <Delay = 0.83> <Core = "Sel">   --->   Core 26 'Sel' <Latency = 0> <II = 1> <Delay = 0.44> <FuncUnit> <Opcode : 'select'> <InPorts = 3> <OutPorts = 1>
ST_6 : Operation 150 [1/2] (2.77ns)   --->   "%LBoostTree_value_3_l = load float* %LBoostTree_value_3_a, align 4" [aesl_mux_load.4[16 x [196 x float]]P.i32.i64.i64:11->BoostingTree/Tree_Param.hpp:5->BoostingTree/BoostingTree.cpp:32]   --->   Operation 150 'load' 'LBoostTree_value_3_l' <Predicate = (!icmp_ln30 & !icmp_ln13_2 & !icmp_ln13 & !icmp_ln13_1)> <Delay = 2.77> <Core = "ROM_nP">   --->   Core 52 'ROM_nP' <Latency = 1> <II = 1> <Delay = 2.77> <Storage> <Opcode : 'load'> <Ports = 0> <Width = 8> <Depth = 3136> <ROM>
ST_6 : Operation 151 [1/2] (2.77ns)   --->   "%LBoostTree_value_0_l = load float* %LBoostTree_value_0_a, align 4" [aesl_mux_load.4[16 x [196 x float]]P.i32.i64.i64:2->BoostingTree/Tree_Param.hpp:5->BoostingTree/BoostingTree.cpp:32]   --->   Operation 151 'load' 'LBoostTree_value_0_l' <Predicate = (!icmp_ln30 & !icmp_ln13_2 & icmp_ln13 & !icmp_ln13_1)> <Delay = 2.77> <Core = "ROM_nP">   --->   Core 52 'ROM_nP' <Latency = 1> <II = 1> <Delay = 2.77> <Storage> <Opcode : 'load'> <Ports = 0> <Width = 8> <Depth = 3136> <ROM>
ST_6 : Operation 152 [1/2] (2.77ns)   --->   "%LBoostTree_value_1_l = load float* %LBoostTree_value_1_a, align 4" [aesl_mux_load.4[16 x [196 x float]]P.i32.i64.i64:5->BoostingTree/Tree_Param.hpp:5->BoostingTree/BoostingTree.cpp:32]   --->   Operation 152 'load' 'LBoostTree_value_1_l' <Predicate = (!icmp_ln30 & !icmp_ln13_2 & icmp_ln13_1)> <Delay = 2.77> <Core = "ROM_nP">   --->   Core 52 'ROM_nP' <Latency = 1> <II = 1> <Delay = 2.77> <Storage> <Opcode : 'load'> <Ports = 0> <Width = 8> <Depth = 3136> <ROM>
ST_6 : Operation 153 [1/2] (2.77ns)   --->   "%LBoostTree_value_2_l = load float* %LBoostTree_value_2_a, align 4" [aesl_mux_load.4[16 x [196 x float]]P.i32.i64.i64:8->BoostingTree/Tree_Param.hpp:5->BoostingTree/BoostingTree.cpp:32]   --->   Operation 153 'load' 'LBoostTree_value_2_l' <Predicate = (!icmp_ln30 & icmp_ln13_2)> <Delay = 2.77> <Core = "ROM_nP">   --->   Core 52 'ROM_nP' <Latency = 1> <II = 1> <Delay = 2.77> <Storage> <Opcode : 'load'> <Ports = 0> <Width = 8> <Depth = 3136> <ROM>
ST_6 : Operation 154 [1/1] (0.00ns) (grouped into LUT with out node select_ln13_7)   --->   "%select_ln13_6 = select i1 %icmp_ln13, float %LBoostTree_value_0_l, float %LBoostTree_value_3_l" [aesl_mux_load.4[16 x [196 x float]]P.i32.i64.i64:13->BoostingTree/Tree_Param.hpp:5->BoostingTree/BoostingTree.cpp:32]   --->   Operation 154 'select' 'select_ln13_6' <Predicate = (!icmp_ln30 & !icmp_ln13_2 & !icmp_ln13_1)> <Delay = 0.00> <Core = "Sel">   --->   Core 26 'Sel' <Latency = 0> <II = 1> <Delay = 0.44> <FuncUnit> <Opcode : 'select'> <InPorts = 3> <OutPorts = 1>
ST_6 : Operation 155 [1/1] (0.70ns) (out node of the LUT)   --->   "%select_ln13_7 = select i1 %icmp_ln13_1, float %LBoostTree_value_1_l, float %select_ln13_6" [aesl_mux_load.4[16 x [196 x float]]P.i32.i64.i64:13->BoostingTree/Tree_Param.hpp:5->BoostingTree/BoostingTree.cpp:32]   --->   Operation 155 'select' 'select_ln13_7' <Predicate = (!icmp_ln30 & !icmp_ln13_2)> <Delay = 0.70> <Core = "Sel">   --->   Core 26 'Sel' <Latency = 0> <II = 1> <Delay = 0.44> <FuncUnit> <Opcode : 'select'> <InPorts = 3> <OutPorts = 1>
ST_6 : Operation 156 [1/1] (0.70ns) (out node of the LUT)   --->   "%node_value = select i1 %icmp_ln13_2, float %LBoostTree_value_2_l, float %select_ln13_7" [aesl_mux_load.4[16 x [196 x float]]P.i32.i64.i64:13->BoostingTree/Tree_Param.hpp:5->BoostingTree/BoostingTree.cpp:32]   --->   Operation 156 'select' 'node_value' <Predicate = (!icmp_ln30)> <Delay = 0.70> <Core = "Sel">   --->   Core 26 'Sel' <Latency = 0> <II = 1> <Delay = 0.44> <FuncUnit> <Opcode : 'select'> <InPorts = 3> <OutPorts = 1>
ST_6 : Operation 157 [1/2] (2.77ns)   --->   "%LBoostTree_left_chil_8 = load i8* %LBoostTree_left_chil_4, align 1" [BoostingTree/Tree_Param.hpp:5->BoostingTree/BoostingTree.cpp:32]   --->   Operation 157 'load' 'LBoostTree_left_chil_8' <Predicate = (!icmp_ln30)> <Delay = 2.77> <Core = "ROM_nP">   --->   Core 52 'ROM_nP' <Latency = 1> <II = 1> <Delay = 2.77> <Storage> <Opcode : 'load'> <Ports = 0> <Width = 8> <Depth = 3136> <ROM>
ST_6 : Operation 158 [1/2] (2.77ns)   --->   "%LBoostTree_left_chil_9 = load i8* %LBoostTree_left_chil_5, align 1" [BoostingTree/Tree_Param.hpp:5->BoostingTree/BoostingTree.cpp:32]   --->   Operation 158 'load' 'LBoostTree_left_chil_9' <Predicate = (!icmp_ln30)> <Delay = 2.77> <Core = "ROM_nP">   --->   Core 52 'ROM_nP' <Latency = 1> <II = 1> <Delay = 2.77> <Storage> <Opcode : 'load'> <Ports = 0> <Width = 8> <Depth = 3136> <ROM>
ST_6 : Operation 159 [1/2] (2.77ns)   --->   "%LBoostTree_left_chil_10 = load i8* %LBoostTree_left_chil_6, align 1" [BoostingTree/Tree_Param.hpp:5->BoostingTree/BoostingTree.cpp:32]   --->   Operation 159 'load' 'LBoostTree_left_chil_10' <Predicate = (!icmp_ln30)> <Delay = 2.77> <Core = "ROM_nP">   --->   Core 52 'ROM_nP' <Latency = 1> <II = 1> <Delay = 2.77> <Storage> <Opcode : 'load'> <Ports = 0> <Width = 8> <Depth = 3136> <ROM>
ST_6 : Operation 160 [1/2] (2.77ns)   --->   "%LBoostTree_left_chil_11 = load i8* %LBoostTree_left_chil_7, align 1" [BoostingTree/Tree_Param.hpp:5->BoostingTree/BoostingTree.cpp:32]   --->   Operation 160 'load' 'LBoostTree_left_chil_11' <Predicate = (!icmp_ln30)> <Delay = 2.77> <Core = "ROM_nP">   --->   Core 52 'ROM_nP' <Latency = 1> <II = 1> <Delay = 2.77> <Storage> <Opcode : 'load'> <Ports = 0> <Width = 8> <Depth = 3136> <ROM>
ST_6 : Operation 161 [1/2] (2.77ns)   --->   "%LBoostTree_right_chi_8 = load i8* %LBoostTree_right_chi_4, align 1" [BoostingTree/Tree_Param.hpp:5->BoostingTree/BoostingTree.cpp:32]   --->   Operation 161 'load' 'LBoostTree_right_chi_8' <Predicate = (!icmp_ln30)> <Delay = 2.77> <Core = "ROM_nP">   --->   Core 52 'ROM_nP' <Latency = 1> <II = 1> <Delay = 2.77> <Storage> <Opcode : 'load'> <Ports = 0> <Width = 8> <Depth = 3136> <ROM>
ST_6 : Operation 162 [1/2] (2.77ns)   --->   "%LBoostTree_right_chi_9 = load i8* %LBoostTree_right_chi_5, align 1" [BoostingTree/Tree_Param.hpp:5->BoostingTree/BoostingTree.cpp:32]   --->   Operation 162 'load' 'LBoostTree_right_chi_9' <Predicate = (!icmp_ln30)> <Delay = 2.77> <Core = "ROM_nP">   --->   Core 52 'ROM_nP' <Latency = 1> <II = 1> <Delay = 2.77> <Storage> <Opcode : 'load'> <Ports = 0> <Width = 8> <Depth = 3136> <ROM>
ST_6 : Operation 163 [1/2] (2.77ns)   --->   "%LBoostTree_right_chi_10 = load i8* %LBoostTree_right_chi_6, align 1" [BoostingTree/Tree_Param.hpp:5->BoostingTree/BoostingTree.cpp:32]   --->   Operation 163 'load' 'LBoostTree_right_chi_10' <Predicate = (!icmp_ln30)> <Delay = 2.77> <Core = "ROM_nP">   --->   Core 52 'ROM_nP' <Latency = 1> <II = 1> <Delay = 2.77> <Storage> <Opcode : 'load'> <Ports = 0> <Width = 8> <Depth = 3136> <ROM>
ST_6 : Operation 164 [1/2] (2.77ns)   --->   "%LBoostTree_right_chi_11 = load i8* %LBoostTree_right_chi_7, align 1" [BoostingTree/Tree_Param.hpp:5->BoostingTree/BoostingTree.cpp:32]   --->   Operation 164 'load' 'LBoostTree_right_chi_11' <Predicate = (!icmp_ln30)> <Delay = 2.77> <Core = "ROM_nP">   --->   Core 52 'ROM_nP' <Latency = 1> <II = 1> <Delay = 2.77> <Storage> <Opcode : 'load'> <Ports = 0> <Width = 8> <Depth = 3136> <ROM>

State 7 <SV = 5> <Delay = 6.93>
ST_7 : Operation 165 [1/1] (0.00ns)   --->   "call void (...)* @_ssdm_op_SpecLoopName([16 x i8]* @p_str9) nounwind" [BoostingTree/BoostingTree.cpp:30]   --->   Operation 165 'specloopname' <Predicate = (!icmp_ln30)> <Delay = 0.00>
ST_7 : Operation 166 [1/1] (0.00ns)   --->   "%tmp_6 = call i32 (...)* @_ssdm_op_SpecRegionBegin([16 x i8]* @p_str9)" [BoostingTree/BoostingTree.cpp:30]   --->   Operation 166 'specregionbegin' 'tmp_6' <Predicate = (!icmp_ln30)> <Delay = 0.00>
ST_7 : Operation 167 [1/1] (0.00ns)   --->   "call void (...)* @_ssdm_op_SpecPipeline(i32 -1, i32 1, i32 1, i32 0, [1 x i8]* @p_str2) nounwind" [BoostingTree/BoostingTree.cpp:31]   --->   Operation 167 'specpipeline' <Predicate = (!icmp_ln30)> <Delay = 0.00>
ST_7 : Operation 168 [1/2] (2.77ns)   --->   "%LBoostTree_is_leaf_3_2 = load i1* %LBoostTree_is_leaf_3_1, align 1" [aesl_mux_load.4[16 x [196 x i1]]P.i32.i64.i64:11->BoostingTree/Tree_Param.hpp:5->BoostingTree/BoostingTree.cpp:32]   --->   Operation 168 'load' 'LBoostTree_is_leaf_3_2' <Predicate = (!icmp_ln30 & !icmp_ln13 & !or_ln13)> <Delay = 2.77> <Core = "ROM_nP">   --->   Core 52 'ROM_nP' <Latency = 1> <II = 1> <Delay = 2.77> <Storage> <Opcode : 'load'> <Ports = 0> <Width = 8> <Depth = 3136> <ROM>
ST_7 : Operation 169 [1/2] (2.77ns)   --->   "%LBoostTree_is_leaf_0_2 = load i1* %LBoostTree_is_leaf_0_1, align 1" [aesl_mux_load.4[16 x [196 x i1]]P.i32.i64.i64:2->BoostingTree/Tree_Param.hpp:5->BoostingTree/BoostingTree.cpp:32]   --->   Operation 169 'load' 'LBoostTree_is_leaf_0_2' <Predicate = (!icmp_ln30 & icmp_ln13 & !or_ln13)> <Delay = 2.77> <Core = "ROM_nP">   --->   Core 52 'ROM_nP' <Latency = 1> <II = 1> <Delay = 2.77> <Storage> <Opcode : 'load'> <Ports = 0> <Width = 8> <Depth = 3136> <ROM>
ST_7 : Operation 170 [1/2] (2.77ns)   --->   "%LBoostTree_is_leaf_1_2 = load i1* %LBoostTree_is_leaf_1_1, align 1" [aesl_mux_load.4[16 x [196 x i1]]P.i32.i64.i64:5->BoostingTree/Tree_Param.hpp:5->BoostingTree/BoostingTree.cpp:32]   --->   Operation 170 'load' 'LBoostTree_is_leaf_1_2' <Predicate = (!icmp_ln30 & !icmp_ln13_2 & or_ln13)> <Delay = 2.77> <Core = "ROM_nP">   --->   Core 52 'ROM_nP' <Latency = 1> <II = 1> <Delay = 2.77> <Storage> <Opcode : 'load'> <Ports = 0> <Width = 8> <Depth = 3136> <ROM>
ST_7 : Operation 171 [1/2] (2.77ns)   --->   "%LBoostTree_is_leaf_2_2 = load i1* %LBoostTree_is_leaf_2_1, align 1" [aesl_mux_load.4[16 x [196 x i1]]P.i32.i64.i64:8->BoostingTree/Tree_Param.hpp:5->BoostingTree/BoostingTree.cpp:32]   --->   Operation 171 'load' 'LBoostTree_is_leaf_2_2' <Predicate = (!icmp_ln30 & icmp_ln13_2 & or_ln13)> <Delay = 2.77> <Core = "ROM_nP">   --->   Core 52 'ROM_nP' <Latency = 1> <II = 1> <Delay = 2.77> <Storage> <Opcode : 'load'> <Ports = 0> <Width = 8> <Depth = 3136> <ROM>
ST_7 : Operation 172 [1/1] (0.00ns) (grouped into LUT with out node node_is_leaf)   --->   "%select_ln13 = select i1 %icmp_ln13_2, i1 %LBoostTree_is_leaf_2_2, i1 %LBoostTree_is_leaf_1_2" [aesl_mux_load.4[16 x [196 x i1]]P.i32.i64.i64:13->BoostingTree/Tree_Param.hpp:5->BoostingTree/BoostingTree.cpp:32]   --->   Operation 172 'select' 'select_ln13' <Predicate = (!icmp_ln30 & or_ln13)> <Delay = 0.00> <Core = "Sel">   --->   Core 26 'Sel' <Latency = 0> <II = 1> <Delay = 0.44> <FuncUnit> <Opcode : 'select'> <InPorts = 3> <OutPorts = 1>
ST_7 : Operation 173 [1/1] (0.81ns) (out node of the LUT)   --->   "%select_ln13_1 = select i1 %icmp_ln13, i1 %LBoostTree_is_leaf_0_2, i1 %LBoostTree_is_leaf_3_2" [aesl_mux_load.4[16 x [196 x i1]]P.i32.i64.i64:13->BoostingTree/Tree_Param.hpp:5->BoostingTree/BoostingTree.cpp:32]   --->   Operation 173 'select' 'select_ln13_1' <Predicate = (!icmp_ln30 & !or_ln13)> <Delay = 0.81> <Core = "Sel">   --->   Core 26 'Sel' <Latency = 0> <II = 1> <Delay = 0.44> <FuncUnit> <Opcode : 'select'> <InPorts = 3> <OutPorts = 1>
ST_7 : Operation 174 [1/1] (0.81ns) (out node of the LUT)   --->   "%node_is_leaf = select i1 %or_ln13, i1 %select_ln13, i1 %select_ln13_1" [aesl_mux_load.4[16 x [196 x i1]]P.i32.i64.i64:13->BoostingTree/Tree_Param.hpp:5->BoostingTree/BoostingTree.cpp:32]   --->   Operation 174 'select' 'node_is_leaf' <Predicate = (!icmp_ln30)> <Delay = 0.81> <Core = "Sel">   --->   Core 26 'Sel' <Latency = 0> <II = 1> <Delay = 0.44> <FuncUnit> <Opcode : 'select'> <InPorts = 3> <OutPorts = 1>
ST_7 : Operation 175 [1/1] (1.42ns)   --->   "%node_left_child_V = call i8 @_ssdm_op_Mux.ap_auto.4i8.i32(i8 %LBoostTree_left_chil_8, i8 %LBoostTree_left_chil_9, i8 %LBoostTree_left_chil_10, i8 %LBoostTree_left_chil_11, i32 %zext_ln5)" [BoostingTree/Tree_Param.hpp:5->BoostingTree/BoostingTree.cpp:32]   --->   Operation 175 'mux' 'node_left_child_V' <Predicate = (!icmp_ln30)> <Delay = 1.42> <Core = "MuxnS">   --->   Core 31 'MuxnS' <Latency = 0> <II = 1> <Delay = 1.73> <FuncUnit> <Opcode : 'mux'> <InPorts = 2> <OutPorts = 1>
ST_7 : Operation 176 [1/1] (1.42ns)   --->   "%node_right_child_V = call i8 @_ssdm_op_Mux.ap_auto.4i8.i32(i8 %LBoostTree_right_chi_8, i8 %LBoostTree_right_chi_9, i8 %LBoostTree_right_chi_10, i8 %LBoostTree_right_chi_11, i32 %zext_ln5)" [BoostingTree/Tree_Param.hpp:5->BoostingTree/BoostingTree.cpp:32]   --->   Operation 176 'mux' 'node_right_child_V' <Predicate = (!icmp_ln30)> <Delay = 1.42> <Core = "MuxnS">   --->   Core 31 'MuxnS' <Latency = 0> <II = 1> <Delay = 1.73> <FuncUnit> <Opcode : 'mux'> <InPorts = 2> <OutPorts = 1>
ST_7 : Operation 177 [1/1] (0.00ns)   --->   "br i1 %node_is_leaf, label %3, label %LOOP_TREE_DEPTH_end" [BoostingTree/BoostingTree.cpp:33]   --->   Operation 177 'br' <Predicate = (!icmp_ln30)> <Delay = 0.00>
ST_7 : Operation 178 [1/1] (0.00ns)   --->   "%features_0_01_load = load float* %tmp" [BoostingTree/BoostingTree.cpp:38]   --->   Operation 178 'load' 'features_0_01_load' <Predicate = (!icmp_ln30 & !node_is_leaf)> <Delay = 0.00>
ST_7 : Operation 179 [1/1] (0.00ns)   --->   "%tmp_2_load = load float* %tmp_2" [BoostingTree/BoostingTree.cpp:38]   --->   Operation 179 'load' 'tmp_2_load' <Predicate = (!icmp_ln30 & !node_is_leaf)> <Delay = 0.00>
ST_7 : Operation 180 [1/1] (0.00ns)   --->   "%tmp_3_load = load float* %tmp_3" [BoostingTree/BoostingTree.cpp:38]   --->   Operation 180 'load' 'tmp_3_load' <Predicate = (!icmp_ln30 & !node_is_leaf)> <Delay = 0.00>
ST_7 : Operation 181 [1/1] (0.00ns)   --->   "%tmp_5_load = load float* %tmp_5" [BoostingTree/BoostingTree.cpp:38]   --->   Operation 181 'load' 'tmp_5_load' <Predicate = (!icmp_ln30 & !node_is_leaf)> <Delay = 0.00>
ST_7 : Operation 182 [1/1] (0.00ns)   --->   "%tmp_7_load = load float* %tmp_7" [BoostingTree/BoostingTree.cpp:38]   --->   Operation 182 'load' 'tmp_7_load' <Predicate = (!icmp_ln30 & !node_is_leaf)> <Delay = 0.00>
ST_7 : Operation 183 [1/1] (0.00ns)   --->   "%tmp_8_load = load float* %tmp_8" [BoostingTree/BoostingTree.cpp:38]   --->   Operation 183 'load' 'tmp_8_load' <Predicate = (!icmp_ln30 & !node_is_leaf)> <Delay = 0.00>
ST_7 : Operation 184 [1/1] (0.00ns)   --->   "%tmp_10_load = load float* %tmp_10" [BoostingTree/BoostingTree.cpp:38]   --->   Operation 184 'load' 'tmp_10_load' <Predicate = (!icmp_ln30 & !node_is_leaf)> <Delay = 0.00>
ST_7 : Operation 185 [1/1] (0.00ns)   --->   "%tmp_11_load = load float* %tmp_11" [BoostingTree/BoostingTree.cpp:38]   --->   Operation 185 'load' 'tmp_11_load' <Predicate = (!icmp_ln30 & !node_is_leaf)> <Delay = 0.00>
ST_7 : Operation 186 [1/1] (0.00ns)   --->   "%tmp_12_load = load float* %tmp_12" [BoostingTree/BoostingTree.cpp:38]   --->   Operation 186 'load' 'tmp_12_load' <Predicate = (!icmp_ln30 & !node_is_leaf)> <Delay = 0.00>
ST_7 : Operation 187 [1/1] (0.00ns)   --->   "%tmp_13_load = load float* %tmp_13" [BoostingTree/BoostingTree.cpp:38]   --->   Operation 187 'load' 'tmp_13_load' <Predicate = (!icmp_ln30 & !node_is_leaf)> <Delay = 0.00>
ST_7 : Operation 188 [1/1] (0.00ns)   --->   "%tmp_14_load = load float* %tmp_14" [BoostingTree/BoostingTree.cpp:38]   --->   Operation 188 'load' 'tmp_14_load' <Predicate = (!icmp_ln30 & !node_is_leaf)> <Delay = 0.00>
ST_7 : Operation 189 [1/1] (0.00ns)   --->   "%tmp_15_load = load float* %tmp_15" [BoostingTree/BoostingTree.cpp:38]   --->   Operation 189 'load' 'tmp_15_load' <Predicate = (!icmp_ln30 & !node_is_leaf)> <Delay = 0.00>
ST_7 : Operation 190 [1/1] (0.00ns)   --->   "%tmp_16_load = load float* %tmp_16" [BoostingTree/BoostingTree.cpp:38]   --->   Operation 190 'load' 'tmp_16_load' <Predicate = (!icmp_ln30 & !node_is_leaf)> <Delay = 0.00>
ST_7 : Operation 191 [1/1] (0.99ns)   --->   "%add_ln38 = add i4 -1, %node_feature_index_V" [BoostingTree/BoostingTree.cpp:38]   --->   Operation 191 'add' 'add_ln38' <Predicate = (!icmp_ln30 & !node_is_leaf)> <Delay = 0.99> <Core = "AddSub">   --->   Core 14 'AddSub' <Latency = 0> <II = 1> <Delay = 1.31> <FuncUnit> <Opcode : 'add' 'sub'> <InPorts = 2> <OutPorts = 1>
ST_7 : Operation 192 [1/1] (1.73ns)   --->   "%fval = call float @_ssdm_op_Mux.ap_auto.13float.i4(float %features_0_01_load, float %tmp_2_load, float %tmp_3_load, float %tmp_5_load, float %tmp_7_load, float %tmp_8_load, float %tmp_10_load, float %tmp_11_load, float %tmp_12_load, float %tmp_13_load, float %tmp_14_load, float %tmp_15_load, float %tmp_16_load, i4 %add_ln38)" [BoostingTree/BoostingTree.cpp:38]   --->   Operation 192 'mux' 'fval' <Predicate = (!icmp_ln30 & !node_is_leaf)> <Delay = 1.73> <Core = "MuxnS">   --->   Core 31 'MuxnS' <Latency = 0> <II = 1> <Delay = 1.73> <FuncUnit> <Opcode : 'mux'> <InPorts = 2> <OutPorts = 1>
ST_7 : Operation 193 [1/1] (0.00ns)   --->   "%bitcast_ln39 = bitcast float %fval to i32" [BoostingTree/BoostingTree.cpp:39]   --->   Operation 193 'bitcast' 'bitcast_ln39' <Predicate = (!icmp_ln30 & !node_is_leaf)> <Delay = 0.00>
ST_7 : Operation 194 [1/1] (0.00ns)   --->   "%tmp_9 = call i8 @_ssdm_op_PartSelect.i8.i32.i32.i32(i32 %bitcast_ln39, i32 23, i32 30)" [BoostingTree/BoostingTree.cpp:39]   --->   Operation 194 'partselect' 'tmp_9' <Predicate = (!icmp_ln30 & !node_is_leaf)> <Delay = 0.00>
ST_7 : Operation 195 [1/1] (0.00ns)   --->   "%trunc_ln39 = trunc i32 %bitcast_ln39 to i23" [BoostingTree/BoostingTree.cpp:39]   --->   Operation 195 'trunc' 'trunc_ln39' <Predicate = (!icmp_ln30 & !node_is_leaf)> <Delay = 0.00>
ST_7 : Operation 196 [1/1] (1.31ns)   --->   "%icmp_ln39 = icmp ne i8 %tmp_9, -1" [BoostingTree/BoostingTree.cpp:39]   --->   Operation 196 'icmp' 'icmp_ln39' <Predicate = (!icmp_ln30 & !node_is_leaf)> <Delay = 1.31> <Core = "Cmp">   --->   Core 25 'Cmp' <Latency = 0> <II = 1> <Delay = 0.50> <FuncUnit> <Opcode : 'icmp'> <InPorts = 2> <OutPorts = 1>
ST_7 : Operation 197 [1/1] (2.02ns)   --->   "%icmp_ln39_1 = icmp eq i23 %trunc_ln39, 0" [BoostingTree/BoostingTree.cpp:39]   --->   Operation 197 'icmp' 'icmp_ln39_1' <Predicate = (!icmp_ln30 & !node_is_leaf)> <Delay = 2.02> <Core = "Cmp">   --->   Core 25 'Cmp' <Latency = 0> <II = 1> <Delay = 0.50> <FuncUnit> <Opcode : 'icmp'> <InPorts = 2> <OutPorts = 1>
ST_7 : Operation 198 [2/2] (4.19ns)   --->   "%tmp_1 = fcmp ole float %fval, %node_value" [BoostingTree/BoostingTree.cpp:39]   --->   Operation 198 'fcmp' 'tmp_1' <Predicate = (!icmp_ln30 & !node_is_leaf)> <Delay = 4.19> <Core = "FCmp">   --->   Core 111 'FCmp' <Latency = 1> <II = 1> <Delay = 4.19> <FuncUnit> <Opcode : 'fcmp'> <InPorts = 2> <OutPorts = 1>

State 8 <SV = 6> <Delay = 9.76>
ST_8 : Operation 199 [1/1] (0.00ns)   --->   "%bitcast_ln39_1 = bitcast float %node_value to i32" [BoostingTree/BoostingTree.cpp:39]   --->   Operation 199 'bitcast' 'bitcast_ln39_1' <Predicate = (!icmp_ln30 & !node_is_leaf)> <Delay = 0.00>
ST_8 : Operation 200 [1/1] (0.00ns)   --->   "%tmp_s = call i8 @_ssdm_op_PartSelect.i8.i32.i32.i32(i32 %bitcast_ln39_1, i32 23, i32 30)" [BoostingTree/BoostingTree.cpp:39]   --->   Operation 200 'partselect' 'tmp_s' <Predicate = (!icmp_ln30 & !node_is_leaf)> <Delay = 0.00>
ST_8 : Operation 201 [1/1] (0.00ns)   --->   "%trunc_ln39_1 = trunc i32 %bitcast_ln39_1 to i23" [BoostingTree/BoostingTree.cpp:39]   --->   Operation 201 'trunc' 'trunc_ln39_1' <Predicate = (!icmp_ln30 & !node_is_leaf)> <Delay = 0.00>
ST_8 : Operation 202 [1/1] (0.00ns) (grouped into LUT with out node and_ln39_1)   --->   "%or_ln39 = or i1 %icmp_ln39_1, %icmp_ln39" [BoostingTree/BoostingTree.cpp:39]   --->   Operation 202 'or' 'or_ln39' <Predicate = (!icmp_ln30 & !node_is_leaf)> <Delay = 0.00> <Core = "LogicGate">   --->   Core 27 'LogicGate' <Latency = 0> <II = 1> <Delay = 0.80> <FuncUnit> <Opcode : 'and' 'or' 'xor'> <InPorts = 2> <OutPorts = 1>
ST_8 : Operation 203 [1/1] (1.31ns)   --->   "%icmp_ln39_2 = icmp ne i8 %tmp_s, -1" [BoostingTree/BoostingTree.cpp:39]   --->   Operation 203 'icmp' 'icmp_ln39_2' <Predicate = (!icmp_ln30 & !node_is_leaf)> <Delay = 1.31> <Core = "Cmp">   --->   Core 25 'Cmp' <Latency = 0> <II = 1> <Delay = 0.50> <FuncUnit> <Opcode : 'icmp'> <InPorts = 2> <OutPorts = 1>
ST_8 : Operation 204 [1/1] (2.02ns)   --->   "%icmp_ln39_3 = icmp eq i23 %trunc_ln39_1, 0" [BoostingTree/BoostingTree.cpp:39]   --->   Operation 204 'icmp' 'icmp_ln39_3' <Predicate = (!icmp_ln30 & !node_is_leaf)> <Delay = 2.02> <Core = "Cmp">   --->   Core 25 'Cmp' <Latency = 0> <II = 1> <Delay = 0.50> <FuncUnit> <Opcode : 'icmp'> <InPorts = 2> <OutPorts = 1>
ST_8 : Operation 205 [1/1] (0.00ns) (grouped into LUT with out node and_ln39_1)   --->   "%or_ln39_1 = or i1 %icmp_ln39_3, %icmp_ln39_2" [BoostingTree/BoostingTree.cpp:39]   --->   Operation 205 'or' 'or_ln39_1' <Predicate = (!icmp_ln30 & !node_is_leaf)> <Delay = 0.00> <Core = "LogicGate">   --->   Core 27 'LogicGate' <Latency = 0> <II = 1> <Delay = 0.80> <FuncUnit> <Opcode : 'and' 'or' 'xor'> <InPorts = 2> <OutPorts = 1>
ST_8 : Operation 206 [1/1] (0.00ns) (grouped into LUT with out node and_ln39_1)   --->   "%and_ln39 = and i1 %or_ln39, %or_ln39_1" [BoostingTree/BoostingTree.cpp:39]   --->   Operation 206 'and' 'and_ln39' <Predicate = (!icmp_ln30 & !node_is_leaf)> <Delay = 0.00> <Core = "LogicGate">   --->   Core 27 'LogicGate' <Latency = 0> <II = 1> <Delay = 0.80> <FuncUnit> <Opcode : 'and' 'or' 'xor'> <InPorts = 2> <OutPorts = 1>
ST_8 : Operation 207 [1/2] (4.19ns)   --->   "%tmp_1 = fcmp ole float %fval, %node_value" [BoostingTree/BoostingTree.cpp:39]   --->   Operation 207 'fcmp' 'tmp_1' <Predicate = (!icmp_ln30 & !node_is_leaf)> <Delay = 4.19> <Core = "FCmp">   --->   Core 111 'FCmp' <Latency = 1> <II = 1> <Delay = 4.19> <FuncUnit> <Opcode : 'fcmp'> <InPorts = 2> <OutPorts = 1>
ST_8 : Operation 208 [1/1] (0.80ns) (out node of the LUT)   --->   "%and_ln39_1 = and i1 %and_ln39, %tmp_1" [BoostingTree/BoostingTree.cpp:39]   --->   Operation 208 'and' 'and_ln39_1' <Predicate = (!icmp_ln30 & !node_is_leaf)> <Delay = 0.80> <Core = "LogicGate">   --->   Core 27 'LogicGate' <Latency = 0> <II = 1> <Delay = 0.80> <FuncUnit> <Opcode : 'and' 'or' 'xor'> <InPorts = 2> <OutPorts = 1>
ST_8 : Operation 209 [1/1] (0.44ns) (out node of the LUT)   --->   "%select_ln39 = select i1 %and_ln39_1, i8 %node_left_child_V, i8 %node_right_child_V" [BoostingTree/BoostingTree.cpp:39]   --->   Operation 209 'select' 'select_ln39' <Predicate = (!icmp_ln30 & !node_is_leaf)> <Delay = 0.44> <Core = "Sel">   --->   Core 26 'Sel' <Latency = 0> <II = 1> <Delay = 0.44> <FuncUnit> <Opcode : 'select'> <InPorts = 3> <OutPorts = 1>
ST_8 : Operation 210 [1/1] (0.00ns)   --->   "%empty_9 = call i32 (...)* @_ssdm_op_SpecRegionEnd([16 x i8]* @p_str9, i32 %tmp_6)" [BoostingTree/BoostingTree.cpp:41]   --->   Operation 210 'specregionend' 'empty_9' <Predicate = (!icmp_ln30 & !node_is_leaf)> <Delay = 0.00>
ST_8 : Operation 211 [1/1] (0.00ns)   --->   "br label %2" [BoostingTree/BoostingTree.cpp:30]   --->   Operation 211 'br' <Predicate = (!icmp_ln30 & !node_is_leaf)> <Delay = 0.00>

State 9 <SV = 6> <Delay = 8.58>
ST_9 : Operation 212 [1/1] (0.00ns)   --->   "%tmp_17_load_1 = load float* %tmp_17" [BoostingTree/BoostingTree.cpp:34]   --->   Operation 212 'load' 'tmp_17_load_1' <Predicate = true> <Delay = 0.00>
ST_9 : Operation 213 [4/4] (8.58ns)   --->   "%sum = fadd float %tmp_17_load_1, %node_value" [BoostingTree/BoostingTree.cpp:34]   --->   Operation 213 'fadd' 'sum' <Predicate = true> <Delay = 8.58> <Core = "FAddSub">   --->   Core 105 'FAddSub' <Latency = 3> <II = 1> <Delay = 8.58> <FuncUnit> <Opcode : 'fadd' 'fsub'> <InPorts = 2> <OutPorts = 1>

State 10 <SV = 7> <Delay = 8.58>
ST_10 : Operation 214 [3/4] (8.58ns)   --->   "%sum = fadd float %tmp_17_load_1, %node_value" [BoostingTree/BoostingTree.cpp:34]   --->   Operation 214 'fadd' 'sum' <Predicate = true> <Delay = 8.58> <Core = "FAddSub">   --->   Core 105 'FAddSub' <Latency = 3> <II = 1> <Delay = 8.58> <FuncUnit> <Opcode : 'fadd' 'fsub'> <InPorts = 2> <OutPorts = 1>

State 11 <SV = 8> <Delay = 8.58>
ST_11 : Operation 215 [2/4] (8.58ns)   --->   "%sum = fadd float %tmp_17_load_1, %node_value" [BoostingTree/BoostingTree.cpp:34]   --->   Operation 215 'fadd' 'sum' <Predicate = true> <Delay = 8.58> <Core = "FAddSub">   --->   Core 105 'FAddSub' <Latency = 3> <II = 1> <Delay = 8.58> <FuncUnit> <Opcode : 'fadd' 'fsub'> <InPorts = 2> <OutPorts = 1>

State 12 <SV = 9> <Delay = 8.58>
ST_12 : Operation 216 [1/4] (8.58ns)   --->   "%sum = fadd float %tmp_17_load_1, %node_value" [BoostingTree/BoostingTree.cpp:34]   --->   Operation 216 'fadd' 'sum' <Predicate = true> <Delay = 8.58> <Core = "FAddSub">   --->   Core 105 'FAddSub' <Latency = 3> <II = 1> <Delay = 8.58> <FuncUnit> <Opcode : 'fadd' 'fsub'> <InPorts = 2> <OutPorts = 1>

State 13 <SV = 10> <Delay = 0.46>
ST_13 : Operation 217 [1/1] (0.46ns)   --->   "store float %sum, float* %tmp_17" [BoostingTree/BoostingTree.cpp:35]   --->   Operation 217 'store' <Predicate = (!icmp_ln30)> <Delay = 0.46>
ST_13 : Operation 218 [1/1] (0.00ns)   --->   "br label %Tree_Tranversal_end" [BoostingTree/BoostingTree.cpp:35]   --->   Operation 218 'br' <Predicate = (!icmp_ln30)> <Delay = 0.00>
ST_13 : Operation 219 [1/1] (0.00ns)   --->   "%empty_10 = call i32 (...)* @_ssdm_op_SpecRegionEnd([16 x i8]* @p_str8, i32 %tmp_4)" [BoostingTree/BoostingTree.cpp:42]   --->   Operation 219 'specregionend' 'empty_10' <Predicate = true> <Delay = 0.00>
ST_13 : Operation 220 [1/1] (0.00ns)   --->   "br label %.preheader" [BoostingTree/BoostingTree.cpp:27]   --->   Operation 220 'br' <Predicate = true> <Delay = 0.00>

State 14 <SV = 4> <Delay = 0.00>
ST_14 : Operation 221 [1/1] (0.00ns)   --->   "br label %Tree_Tranversal_end"   --->   Operation 221 'br' <Predicate = true> <Delay = 0.00>

State 15 <SV = 3> <Delay = 0.00>
ST_15 : Operation 222 [1/2] (0.00ns)   --->   "call void @_ssdm_op_Write.axis.volatile.floatP(float* %prediction_stream_V, float %tmp_17_load)" [BoostingTree/BoostingTree.cpp:44]   --->   Operation 222 'write' <Predicate = true> <Delay = 0.00> <Core = "AXI4Stream">   --->   Core 5 'AXI4Stream' <Latency = 0> <II = 1> <Delay = 1.00> <Adapter> <Opcode : >
ST_15 : Operation 223 [1/1] (0.00ns)   --->   "ret void" [BoostingTree/BoostingTree.cpp:45]   --->   Operation 223 'ret' <Predicate = true> <Delay = 0.00>


============================================================
+ Verbose Summary: Timing violations
============================================================
Target clock period: 10ns, clock uncertainty: 1.25ns.

 <State 1>: 0.466ns
The critical path consists of the following:
	multiplexor before 'phi' operation ('i') with incoming values : ('i', BoostingTree/BoostingTree.cpp:20) [44]  (0.466 ns)

 <State 2>: 1.77ns
The critical path consists of the following:
	'icmp' operation ('icmp_ln20', BoostingTree/BoostingTree.cpp:20) [45]  (0.965 ns)
	blocking operation 0.8 ns on control path)

 <State 3>: 0ns
The critical path consists of the following:

 <State 4>: 3.59ns
The critical path consists of the following:
	'phi' operation ('i') with incoming values : ('i', BoostingTree/BoostingTree.cpp:27) [99]  (0 ns)
	'mul' operation ('mul_ln1', aesl_mux_load.4[16 x [196 x i4]]P.i32.i64.i64:1->BoostingTree/Tree_Param.hpp:5->BoostingTree/BoostingTree.cpp:32) [112]  (3.59 ns)

 <State 5>: 4.32ns
The critical path consists of the following:
	'phi' operation ('curren_0', BoostingTree/BoostingTree.cpp:39) with incoming values : ('select_ln39', BoostingTree/BoostingTree.cpp:39) [119]  (0 ns)
	'add' operation ('add_ln1', aesl_mux_load.4[16 x [196 x i4]]P.i32.i64.i64:1->BoostingTree/Tree_Param.hpp:5->BoostingTree/BoostingTree.cpp:32) [130]  (1.55 ns)
	'getelementptr' operation ('LBoostTree_feature_i_7', aesl_mux_load.4[16 x [196 x i4]]P.i32.i64.i64:10->BoostingTree/Tree_Param.hpp:5->BoostingTree/BoostingTree.cpp:32) [135]  (0 ns)
	'load' operation ('LBoostTree_feature_i_8', aesl_mux_load.4[16 x [196 x i4]]P.i32.i64.i64:11->BoostingTree/Tree_Param.hpp:5->BoostingTree/BoostingTree.cpp:32) on array 'LBoostTree_feature_i' [159]  (2.77 ns)

 <State 6>: 4.44ns
The critical path consists of the following:
	'load' operation ('LBoostTree_feature_i_8', aesl_mux_load.4[16 x [196 x i4]]P.i32.i64.i64:11->BoostingTree/Tree_Param.hpp:5->BoostingTree/BoostingTree.cpp:32) on array 'LBoostTree_feature_i' [159]  (2.77 ns)
	'select' operation ('select_ln13_4', aesl_mux_load.4[16 x [196 x i4]]P.i32.i64.i64:13->BoostingTree/Tree_Param.hpp:5->BoostingTree/BoostingTree.cpp:32) [164]  (0.836 ns)
	'select' operation ('node.feature_index.V', aesl_mux_load.4[16 x [196 x i4]]P.i32.i64.i64:13->BoostingTree/Tree_Param.hpp:5->BoostingTree/BoostingTree.cpp:32) [165]  (0.836 ns)

 <State 7>: 6.93ns
The critical path consists of the following:
	'add' operation ('add_ln38', BoostingTree/BoostingTree.cpp:38) [198]  (0.997 ns)
	'mux' operation ('fval', BoostingTree/BoostingTree.cpp:38) [199]  (1.74 ns)
	'fcmp' operation ('tmp_1', BoostingTree/BoostingTree.cpp:39) [213]  (4.2 ns)

 <State 8>: 9.76ns
The critical path consists of the following:
	'fcmp' operation ('tmp_1', BoostingTree/BoostingTree.cpp:39) [213]  (4.2 ns)
	'and' operation ('and_ln39_1', BoostingTree/BoostingTree.cpp:39) [214]  (0.8 ns)
	'select' operation ('select_ln39', BoostingTree/BoostingTree.cpp:39) [215]  (0.448 ns)
	'phi' operation ('curren_0', BoostingTree/BoostingTree.cpp:39) with incoming values : ('select_ln39', BoostingTree/BoostingTree.cpp:39) [119]  (0 ns)
	'add' operation ('add_ln1', aesl_mux_load.4[16 x [196 x i4]]P.i32.i64.i64:1->BoostingTree/Tree_Param.hpp:5->BoostingTree/BoostingTree.cpp:32) [130]  (1.55 ns)
	'getelementptr' operation ('LBoostTree_feature_i_7', aesl_mux_load.4[16 x [196 x i4]]P.i32.i64.i64:10->BoostingTree/Tree_Param.hpp:5->BoostingTree/BoostingTree.cpp:32) [135]  (0 ns)
	'load' operation ('LBoostTree_feature_i_8', aesl_mux_load.4[16 x [196 x i4]]P.i32.i64.i64:11->BoostingTree/Tree_Param.hpp:5->BoostingTree/BoostingTree.cpp:32) on array 'LBoostTree_feature_i' [159]  (2.77 ns)

 <State 9>: 8.59ns
The critical path consists of the following:
	'load' operation ('tmp_17_load_1', BoostingTree/BoostingTree.cpp:34) on local variable 'tmp' [219]  (0 ns)
	'fadd' operation ('sum', BoostingTree/BoostingTree.cpp:34) [220]  (8.59 ns)

 <State 10>: 8.59ns
The critical path consists of the following:
	'fadd' operation ('sum', BoostingTree/BoostingTree.cpp:34) [220]  (8.59 ns)

 <State 11>: 8.59ns
The critical path consists of the following:
	'fadd' operation ('sum', BoostingTree/BoostingTree.cpp:34) [220]  (8.59 ns)

 <State 12>: 8.59ns
The critical path consists of the following:
	'fadd' operation ('sum', BoostingTree/BoostingTree.cpp:34) [220]  (8.59 ns)

 <State 13>: 0.466ns
The critical path consists of the following:
	'store' operation ('store_ln35', BoostingTree/BoostingTree.cpp:35) of variable 'sum', BoostingTree/BoostingTree.cpp:34 on local variable 'tmp' [221]  (0.466 ns)

 <State 14>: 0ns
The critical path consists of the following:

 <State 15>: 0ns
The critical path consists of the following:


============================================================
+ Verbose Summary: Binding
============================================================
N/A
* FSMD analyzer results:
  - Output states:
 - Input state : 
  - Chain level:
	State 1
	State 2
	State 3
	State 4
	State 5
	State 6
	State 7
	State 8
	State 9
	State 10
	State 11
	State 12
	State 13
	State 14
	State 15


============================================================
+ Verbose Summary: Datapath Resource usage 
============================================================
N/A
